[Message:   BepInEx] BepInEx 5.4.23.5 - REPO (22.06.2026 19:38:47)
[Info   :   BepInEx] Running under Unity v2022.3.67.7073210
[Info   :   BepInEx] CLR runtime version: 4.0.30319.42000
[Info   :   BepInEx] Supports SRE: True
[Info   :   BepInEx] System platform: Bits64, Windows
[Message:   BepInEx] Preloader started
[Info   :   BepInEx] Loaded 1 patcher method from [BepInEx.Preloader 5.4.23.5]
[Info   :   BepInEx] 1 patcher plugin loaded
[Info   :   BepInEx] Patching [UnityEngine.CoreModule] with [BepInEx.Chainloader]
[Message:   BepInEx] Preloader finished
[Message:   BepInEx] Chainloader ready
[Message:   BepInEx] Chainloader started
[Debug  :   BepInEx] Skipping loading D:\Games\steamapps\common\REPO\BepInEx\plugins\espeakTTS\libespeak-ng.dll because it's not a valid .NET assembly. Full error: Format of the executable (.exe) or library (.dll) is invalid.
[Info   :   BepInEx] 19 plugins to load
[Info   :   BepInEx] Loading [KeybindLib 1.0.6]
[Message:KeybindLib] KeybindLib has started.
[Info   :   BepInEx] Loading [REPOLib 4.2.0]
[Info   :   REPOLib] REPOLib has awoken!
[Info   :   REPOLib] Loading bundle at D:\Games\steamapps\common\REPO\BepInEx\plugins\MinecraftStrongholdLevel.repobundle...
[Info   :   BepInEx] Loading [MoreUpgrades 1.7.3]
[Message:KeybindLib] Registered keybind "Revive" for mod "bulletbot.moreupgrades".
[Message:MoreUpgrades] MoreUpgrades has started.
[Info   :   BepInEx] Loading [TextUpgradesUIScale 1.2.1]
[Info   :TextUpgradesUIScale] Loaded TextUpgradesUIScale 1.2.1 for R.E.P.O. v0.4.0 UI.
[Info   :   BepInEx] Loading [DeadMapAccess 1.0.4]
[Info   :DeadMapAccess] dev.saturnkai.deadmapaccess v1.0.4 has loaded!
[Info   :   BepInEx] Loading [CustomGrabColour 2.4.0]
[Info   :CustomGrabColour] Loading plugin CustomGrabColour! (games.enchanted.CustomGrabColour)
[Info   :CustomGrabColour] Loading finished for CustomGrabColour! (games.enchanted.CustomGrabColour)
[Info   :   BepInEx] Loading [Great REPO Translator 1.4.8]
[Info   :   Console] Error loading Datasets from file: Unsupported file extension: .xml
[Info   :   BepInEx] Loading [NoItemSpawnLimit 1.0.8]
[Info   :NoItemSpawnLimit] HeroHanex.NoItemSpawnLimit v1.0.8 has loaded!
[Info   :   BepInEx] Loading [More Shop Items 4.2.2]
[Info   :More Shop Items] Plugin More Shop Items v4.2.2 loaded successfully.
[Info   :   BepInEx] Loading [espeakTTS 0.2.3]
[Info   : espeakTTS] Trying to initialize the dictionnary from this location: D:\Games\steamapps\common\REPO\BepInEx\plugins\espeakTTS
[Info   : espeakTTS] Lavighju.espeakTTS v0.2.3 has successfully loaded
[Info   :   BepInEx] Loading [MinecraftStrongholdLevel 1.0.0]
[Info   :   BepInEx] Loading [Menu Lib 2.5.4]
[Debug  :  Menu Lib] Hooking `MenuPageMain.Start`
[Debug  :  Menu Lib] Hooking `MenuPageSettings.Start`
[Debug  :  Menu Lib] Hooking `MenuPageColor.Start`
[Debug  :  Menu Lib] Hooking `MenuPageEsc.Start`
[Debug  :  Menu Lib] Hooking `MenuPageRegions.Start`
[Debug  :  Menu Lib] Hooking `MenuPageServerList.Start`
[Debug  :  Menu Lib] Hooking `MenuPageLobby.Start`
[Debug  :  Menu Lib] Hooking `SemiFunc.UIMouseHover`
[Debug  :  Menu Lib] Hooking `MenuPage.StateClosing`
[Debug  :  Menu Lib] Hooking `ChatManager.StateInactive`
[Info   :   BepInEx] Loading [REPOConfig 1.2.6]
[Debug  :REPOConfig] Hooking `MenuPageMain.Start`
[Info   :   BepInEx] Loading [FNAFLevel 1.1.1]
[Info   : FNAFLevel] OrtonLongGaming.FNAFLevel v1.1.1 is loading assets...
[Info   : FNAFLevel] OrtonLongGaming.FNAFLevel v1.1.1 has loaded assets!
[Info   : FNAFLevel] OrtonLongGaming.FNAFLevel v1.1.1 has loaded assets!
[Info   : FNAFLevel] OrtonLongGaming.FNAFLevel v1.1.1 registering a Valuable.
[Info   : FNAFLevel] OrtonLongGaming.FNAFLevel v1.1.1 registering a Valuable.
[Info   : FNAFLevel] OrtonLongGaming.FNAFLevel v1.1.1 registering a Valuable.
[Info   : FNAFLevel] OrtonLongGaming.FNAFLevel v1.1.1 registering a Valuable.
[Info   : FNAFLevel] OrtonLongGaming.FNAFLevel v1.1.1 registering a Valuable.
[Info   : FNAFLevel] OrtonLongGaming.FNAFLevel v1.1.1 registering a Valuable.
[Info   : FNAFLevel] OrtonLongGaming.FNAFLevel v1.1.1 registering a Valuable.
[Info   : FNAFLevel] OrtonLongGaming.FNAFLevel v1.1.1 registering a Valuable.
[Info   : FNAFLevel] OrtonLongGaming.FNAFLevel v1.1.1 has loaded!
[Info   :   BepInEx] Loading [OrtonUtils 1.0.0]
[Info   :OrtonUtils] Plugin OrtonUtils is loaded!
[Info   :   BepInEx] Loading [FreddyEnemy 1.1.1]
[Info   :FreddyEnemy] OrtonLongGaming.FreddyEnemy v1.1.1 is loading assets..
[Info   :FreddyEnemy] OrtonLongGaming.FreddyEnemy v1.1.1 has loaded assets!
[Info   :FreddyEnemy] OrtonLongGaming.FreddyEnemy v1.1.1 has loaded!
[Info   :   BepInEx] Loading [Shop Items spawn in Level 1.7.21]
[Info   :Shop Items spawn in Level] Plugin REPO_Shop_Items_in_Level is loaded!
[Info   :Shop Items spawn in Level] Harmony patches applied!
[Info   :   BepInEx] Loading [Enemy/Valuable Spawn Manager 0.6.9.0]
[Info   :soundedsquash.spawnmanager] Enemy/Valuable Spawn Manager loaded
[Info   :   BepInEx] Loading [WesleysEnemies 2.0.0]
[Message:   BepInEx] Chainloader startup complete
[Message:KeybindLib] 1 keybind(s) and 0 toggle(s) has been initialized.
[Info   :soundedsquash.spawnmanager] Failed to determine if it is the menu level.
[Info   :   REPOLib] Adding levels.
[Info   :   REPOLib] Adding valuables to valuable presets.
[Debug  :   REPOLib] Added valuable "Valuable FNAF BonnieBobbleHead" to valuable preset "Valuables - FNAF"
[Debug  :   REPOLib] Added valuable "Valuable FNAF ChicaBobbleHead" to valuable preset "Valuables - FNAF"
[Debug  :   REPOLib] Added valuable "Valuable FNAF Fredbear Cabinet" to valuable preset "Valuables - FNAF"
[Debug  :   REPOLib] Added valuable "Valuable FNAF Freddy Mannequin" to valuable preset "Valuables - FNAF"
[Debug  :   REPOLib] Added valuable "Valuable FNAF FreddyBobbleHead" to valuable preset "Valuables - FNAF"
[Debug  :   REPOLib] Added valuable "Valuable FNAF PaperPal" to valuable preset "Valuables - FNAF"
[Debug  :   REPOLib] Added valuable "Valuable FNAF TopHat" to valuable preset "Valuables - FNAF"
[Debug  :   REPOLib] Added valuable "Valuable FNAF Server Rack" to valuable preset "Valuables - FNAF"
[Debug  :   REPOLib] Added valuable "SmallVoodooDoll" to valuable preset "Valuables - Wizard"
[Debug  :   REPOLib] Added valuable "SmallVoodooDoll" to valuable preset "Valuables - Manor"
[Info   :   REPOLib] Adding enemies.
[Info   :More Shop Items] ShelfEventListener created!
[Info   :   REPOLib] Adding commands.
[Info   :   REPOLib] [MetaSaveModded] MetaSaveModded.es3 found
[Debug  :   REPOLib] Fixed AudioMixerGroup on GameObject "Modded Item Upgrade Player Sprint Usage". AudioMixerGroup "Sound/Sound Effects"
[Debug  :   REPOLib] Fixed AudioMixerGroup on GameObject "Modded Item Upgrade Player Valuable Count". AudioMixerGroup "Sound/Sound Effects"
[Debug  :   REPOLib] Fixed AudioMixerGroup on GameObject "Modded Item Upgrade Player Map Enemy Tracker". AudioMixerGroup "Sound/Sound Effects"
[Debug  :   REPOLib] Fixed AudioMixerGroup on GameObject "Modded Item Upgrade Player Map Player Tracker". AudioMixerGroup "Sound/Sound Effects"
[Debug  :   REPOLib] Fixed AudioMixerGroup on GameObject "Modded Item Upgrade Player Item Resist". AudioMixerGroup "Sound/Sound Effects"
[Debug  :   REPOLib] Fixed AudioMixerGroup on GameObject "Modded Item Upgrade Player Map Zoom". AudioMixerGroup "Sound/Sound Effects"
[Debug  :   REPOLib] Fixed AudioMixerGroup on GameObject "Modded Item Upgrade Player Autoscan". AudioMixerGroup "Sound/Sound Effects"
[Debug  :   REPOLib] Fixed AudioMixerGroup on GameObject "Modded Item Upgrade Player Item Value". AudioMixerGroup "Sound/Sound Effects"
[Debug  :   REPOLib] Fixed AudioMixerGroup on GameObject "Modded Item Upgrade Player Extra Life". AudioMixerGroup "Sound/Sound Effects"
[Debug  :   REPOLib] Fixed AudioMixerGroup on GameObject "Modded Item Upgrade Player Map Cosmetics Tracker". AudioMixerGroup "Sound/Sound Effects"
[Debug  :   REPOLib] Fixed AudioMixerGroup on GameObject "FNAF Door/Hinge Audio". AudioMixerGroup "Sound/Sound Effects"
[Debug  :   REPOLib] Fixed AudioMixerGroup on GameObject "Start Room - FNAF1 - Door/Audio Loop Distance". AudioMixerGroup "Sound/Sound Effects"
[Debug  :   REPOLib] Fixed AudioMixerGroup on GameObject "Start Room - FNAF1 - Door/Charging Station". AudioMixerGroup "Sound/Sound Effects"
[Debug  :   REPOLib] Fixed AudioMixerGroup on GameObject "Start Room - FNAF1 - Door/Screen Truck". AudioMixerGroup "Sound/Sound Effects"
[Debug  :   REPOLib] Fixed AudioMixerGroup on GameObject "Start Room - FNAF1 - Door/Door". AudioMixerGroup "Sound/Sound Effects"
[Debug  :   REPOLib] Fixed AudioMixerGroup on GameObject "Start Room - FNAF1 - Door/Healer Beam Origin". AudioMixerGroup "Sound/Sound Effects"
[Debug  :   REPOLib] Fixed AudioMixerGroup on GameObject "Start Room - FNAF1 - Door/Audio Source Lights". AudioMixerGroup "Sound/Sound Effects"
[Debug  :   REPOLib] Fixed AudioMixerGroup on GameObject "Start Room - FNAF1 - Door/Audio Source Surplus". AudioMixerGroup "Sound/Sound Effects"
[Debug  :   REPOLib] Fixed AudioMixerGroup on GameObject "Start Room - FNAF1 - Door/Audio Source Surplus Deduction". AudioMixerGroup "Sound/Sound Effects"
[Debug  :   REPOLib] Fixed AudioMixerGroup on GameObject "Start Room - FNAF1 - Door/Audio Source Suck". AudioMixerGroup "Sound/Sound Effects"
[Debug  :   REPOLib] Fixed AudioMixerGroup on GameObject "Start Room - FNAF2 - Vent/Audio Loop Distance". AudioMixerGroup "Sound/Sound Effects"
[Debug  :   REPOLib] Fixed AudioMixerGroup on GameObject "Start Room - FNAF2 - Vent/Charging Station". AudioMixerGroup "Sound/Sound Effects"
[Debug  :   REPOLib] Fixed AudioMixerGroup on GameObject "Start Room - FNAF2 - Vent/Screen Truck". AudioMixerGroup "Sound/Sound Effects"
[Debug  :   REPOLib] Fixed AudioMixerGroup on GameObject "Start Room - FNAF2 - Vent/Door". AudioMixerGroup "Sound/Sound Effects"
[Debug  :   REPOLib] Fixed AudioMixerGroup on GameObject "Start Room - FNAF2 - Vent/Healer Beam Origin". AudioMixerGroup "Sound/Sound Effects"
[Debug  :   REPOLib] Fixed AudioMixerGroup on GameObject "Start Room - FNAF2 - Vent/Audio Source Lights". AudioMixerGroup "Sound/Sound Effects"
[Debug  :   REPOLib] Fixed AudioMixerGroup on GameObject "Start Room - FNAF2 - Vent/Audio Source Surplus". AudioMixerGroup "Sound/Sound Effects"
[Debug  :   REPOLib] Fixed AudioMixerGroup on GameObject "Start Room - FNAF2 - Vent/Audio Source Surplus Deduction". AudioMixerGroup "Sound/Sound Effects"
[Debug  :   REPOLib] Fixed AudioMixerGroup on GameObject "Start Room - FNAF2 - Vent/Audio Source Suck". AudioMixerGroup "Sound/Sound Effects"
[Debug  :   REPOLib] Fixed AudioMixerGroup on GameObject "Start Room - FNAF3 - Wide/Audio Loop Distance". AudioMixerGroup "Sound/Sound Effects"
[Debug  :   REPOLib] Fixed AudioMixerGroup on GameObject "Start Room - FNAF3 - Wide/Charging Station". AudioMixerGroup "Sound/Sound Effects"
[Debug  :   REPOLib] Fixed AudioMixerGroup on GameObject "Start Room - FNAF3 - Wide/Screen Truck". AudioMixerGroup "Sound/Sound Effects"
[Debug  :   REPOLib] Fixed AudioMixerGroup on GameObject "Start Room - FNAF3 - Wide/Door". AudioMixerGroup "Sound/Sound Effects"
[Debug  :   REPOLib] Fixed AudioMixerGroup on GameObject "Start Room - FNAF3 - Wide/Healer Beam Origin". AudioMixerGroup "Sound/Sound Effects"
[Debug  :   REPOLib] Fixed AudioMixerGroup on GameObject "Start Room - FNAF3 - Wide/Audio Source Lights". AudioMixerGroup "Sound/Sound Effects"
[Debug  :   REPOLib] Fixed AudioMixerGroup on GameObject "Start Room - FNAF3 - Wide/Audio Source Surplus". AudioMixerGroup "Sound/Sound Effects"
[Debug  :   REPOLib] Fixed AudioMixerGroup on GameObject "Start Room - FNAF3 - Wide/Audio Source Surplus Deduction". AudioMixerGroup "Sound/Sound Effects"
[Debug  :   REPOLib] Fixed AudioMixerGroup on GameObject "Start Room - FNAF3 - Wide/Audio Source Suck". AudioMixerGroup "Sound/Sound Effects"
[Debug  :   REPOLib] Fixed AudioMixerGroup on GameObject "Module - FNAF1 - N - SecretRoom/Hinge Audio". AudioMixerGroup "Sound/Sound Effects"
[Debug  :   REPOLib] Fixed AudioMixerGroup on GameObject "Module - FNAF1 - N - SecretRoom/Hinge Audio". AudioMixerGroup "Sound/Sound Effects"
[Debug  :   REPOLib] Fixed AudioMixerGroup on GameObject "Module - FNAF1 - N - SecretRoom/Hinge Audio". AudioMixerGroup "Sound/Sound Effects"
[Debug  :   REPOLib] Fixed AudioMixerGroup on GameObject "Module - FNAF1 - N - SecretRoom/Hinge Audio". AudioMixerGroup "Sound/Sound Effects"
[Debug  :   REPOLib] Fixed AudioMixerGroup on GameObject "Module - FNAF1 - N - SecretRoom/Hinge Audio". AudioMixerGroup "Sound/Sound Effects"
[Debug  :   REPOLib] Fixed AudioMixerGroup on GameObject "Module - FNAF1 - N - SecretRoom/Hinge Audio". AudioMixerGroup "Sound/Sound Effects"
[Debug  :   REPOLib] Fixed AudioMixerGroup on GameObject "Module - FNAF1 - N - SecretRoom/Hinge Audio". AudioMixerGroup "Sound/Sound Effects"
[Debug  :   REPOLib] Fixed AudioMixerGroup on GameObject "Module - FNAF1 - P - Restrooms/Hinge Audio". AudioMixerGroup "Sound/Sound Effects"
[Debug  :   REPOLib] Fixed AudioMixerGroup on GameObject "Module - FNAF1 - P - Restrooms/Hinge Audio". AudioMixerGroup "Sound/Sound Effects"
[Debug  :   REPOLib] Fixed AudioMixerGroup on GameObject "Module - FNAF1 - P - Restrooms/Audio Loop Distance". AudioMixerGroup "Sound/Sound Effects"
[Debug  :   REPOLib] Fixed AudioMixerGroup on GameObject "Module - FNAF1 - P - Restrooms/Audio Loop Distance". AudioMixerGroup "Sound/Sound Effects"
[Debug  :   REPOLib] Fixed AudioMixerGroup on GameObject "Module - FNAF1 - P - Restrooms/Audio Loop Distance". AudioMixerGroup "Sound/Sound Effects"
[Debug  :   REPOLib] Fixed AudioMixerGroup on GameObject "Module - FNAF1 - P - Restrooms/Audio Loop Distance". AudioMixerGroup "Sound/Sound Effects"
[Debug  :   REPOLib] Fixed AudioMixerGroup on GameObject "Module - FNAF1 - P - Restrooms/Hinge Audio". AudioMixerGroup "Sound/Sound Effects"
[Debug  :   REPOLib] Fixed AudioMixerGroup on GameObject "Module - FNAF1 - P - Restrooms/Hinge Audio". AudioMixerGroup "Sound/Sound Effects"
[Debug  :   REPOLib] Fixed AudioMixerGroup on GameObject "Module - FNAF1 - P - Restrooms/Toilet Fun". AudioMixerGroup "Sound/Sound Effects"
[Debug  :   REPOLib] Fixed AudioMixerGroup on GameObject "Module - FNAF1 - P - Restrooms/Hinge Audio". AudioMixerGroup "Sound/Sound Effects"
[Debug  :   REPOLib] Fixed AudioMixerGroup on GameObject "Module - FNAF1 - P - Restrooms/Toilet Fun". AudioMixerGroup "Sound/Sound Effects"
[Debug  :   REPOLib] Fixed AudioMixerGroup on GameObject "Module - FNAF1 - P - Restrooms/Hinge Audio". AudioMixerGroup "Sound/Sound Effects"
[Debug  :   REPOLib] Fixed AudioMixerGroup on GameObject "Module - FNAF1 - P - Restrooms/Hinge Audio". AudioMixerGroup "Sound/Sound Effects"
[Debug  :   REPOLib] Fixed AudioMixerGroup on GameObject "Module - FNAF1 - P - Restrooms/Hinge Audio". AudioMixerGroup "Sound/Sound Effects"
[Debug  :   REPOLib] Fixed AudioMixerGroup on GameObject "Module - FNAF1 - P - Restrooms/Hinge Audio". AudioMixerGroup "Sound/Sound Effects"
[Debug  :   REPOLib] Fixed AudioMixerGroup on GameObject "Module - FNAF1 - P - Restrooms/Toilet Fun". AudioMixerGroup "Sound/Sound Effects"
[Debug  :   REPOLib] Fixed AudioMixerGroup on GameObject "Module - FNAF1 - P - Restrooms/Hinge Audio". AudioMixerGroup "Sound/Sound Effects"
[Debug  :   REPOLib] Fixed AudioMixerGroup on GameObject "Module - FNAF1 - P - Restrooms/Toilet Fun". AudioMixerGroup "Sound/Sound Effects"
[Debug  :   REPOLib] Fixed AudioMixerGroup on GameObject "Module - FNAF1 - P - Restrooms/Hinge Audio". AudioMixerGroup "Sound/Sound Effects"
[Debug  :   REPOLib] Fixed AudioMixerGroup on GameObject "Module - FNAF1 - P - Restrooms/Toilet Fun". AudioMixerGroup "Sound/Sound Effects"
[Debug  :   REPOLib] Fixed AudioMixerGroup on GameObject "Module - FNAF1 - P - Restrooms/Hinge Audio". AudioMixerGroup "Sound/Sound Effects"
[Debug  :   REPOLib] Fixed AudioMixerGroup on GameObject "Module - FNAF1 - P - Restrooms/Hinge Audio". AudioMixerGroup "Sound/Sound Effects"
[Debug  :   REPOLib] Fixed AudioMixerGroup on GameObject "Module - FNAF1 - P - Restrooms/Toilet Fun". AudioMixerGroup "Sound/Sound Effects"
[Debug  :   REPOLib] Fixed AudioMixerGroup on GameObject "Module - FNAF1 - P - Restrooms/Hinge Audio". AudioMixerGroup "Sound/Sound Effects"
[Debug  :   REPOLib] Fixed AudioMixerGroup on GameObject "Module - FNAF1 - P - Restrooms/Hinge Audio". AudioMixerGroup "Sound/Sound Effects"
[Debug  :   REPOLib] Fixed AudioMixerGroup on GameObject "Module - FNAF1 - P - Restrooms/Hinge Audio". AudioMixerGroup "Sound/Sound Effects"
[Debug  :   REPOLib] Fixed AudioMixerGroup on GameObject "Module - FNAF2 - P - Vents/Hinge Audio". AudioMixerGroup "Sound/Sound Effects"
[Debug  :   REPOLib] Fixed AudioMixerGroup on GameObject "Module - FNAF1 - DE - SafeRoom/Hinge Audio". AudioMixerGroup "Sound/Sound Effects"
[Debug  :   REPOLib] Fixed AudioMixerGroup on GameObject "Module - FNAF2 - DE - KidsCove/Hinge Audio". AudioMixerGroup "Sound/Sound Effects"
[Debug  :   REPOLib] Fixed AudioMixerGroup on GameObject "Module - FNAF1 - E - Office/Audio Source Lights". AudioMixerGroup "Sound/Sound Effects"
[Debug  :   REPOLib] Fixed AudioMixerGroup on GameObject "Module - FNAF1 - E - Office/Audio Source Surplus". AudioMixerGroup "Sound/Sound Effects"
[Debug  :   REPOLib] Fixed AudioMixerGroup on GameObject "Module - FNAF1 - E - Office/Audio Source Surplus Deduction". AudioMixerGroup "Sound/Sound Effects"
[Debug  :   REPOLib] Fixed AudioMixerGroup on GameObject "Module - FNAF1 - E - Office/Audio Source Suck". AudioMixerGroup "Sound/Sound Effects"
[Debug  :   REPOLib] Fixed AudioMixerGroup on GameObject "Module - FNAF2 - E - Office/Audio Source Lights". AudioMixerGroup "Sound/Sound Effects"
[Debug  :   REPOLib] Fixed AudioMixerGroup on GameObject "Module - FNAF2 - E - Office/Audio Source Surplus". AudioMixerGroup "Sound/Sound Effects"
[Debug  :   REPOLib] Fixed AudioMixerGroup on GameObject "Module - FNAF2 - E - Office/Audio Source Surplus Deduction". AudioMixerGroup "Sound/Sound Effects"
[Debug  :   REPOLib] Fixed AudioMixerGroup on GameObject "Module - FNAF2 - E - Office/Audio Source Suck". AudioMixerGroup "Sound/Sound Effects"
[Debug  :   REPOLib] Fixed AudioMixerGroup on GameObject "Module - FNAF3 - E - Office/Audio Source Lights". AudioMixerGroup "Sound/Sound Effects"
[Debug  :   REPOLib] Fixed AudioMixerGroup on GameObject "Module - FNAF3 - E - Office/Audio Source Surplus". AudioMixerGroup "Sound/Sound Effects"
[Debug  :   REPOLib] Fixed AudioMixerGroup on GameObject "Module - FNAF3 - E - Office/Audio Source Surplus Deduction". AudioMixerGroup "Sound/Sound Effects"
[Debug  :   REPOLib] Fixed AudioMixerGroup on GameObject "Module - FNAF3 - E - Office/Audio Source Suck". AudioMixerGroup "Sound/Sound Effects"
[Debug  :   REPOLib] Fixed AudioMixerGroup on GameObject "Module - FNAF2 - N - Carousel/Hinge Audio". AudioMixerGroup "Sound/Sound Effects"
[Debug  :   REPOLib] Fixed AudioMixerGroup on GameObject "Module - FNAF3 - P - Planks/Hinge Audio". AudioMixerGroup "Sound/Sound Effects"
[Debug  :   REPOLib] Fixed AudioMixerGroup on GameObject "Module - FNAF3 - P - Planks/Hinge Audio". AudioMixerGroup "Sound/Sound Effects"
[Debug  :   REPOLib] Fixed AudioMixerGroup on GameObject "Module - FNAF3 - P - Planks/Hinge Audio". AudioMixerGroup "Sound/Sound Effects"
[Debug  :   REPOLib] Fixed AudioMixerGroup on GameObject "Module - FNAF3 - P - Planks/Hinge Audio". AudioMixerGroup "Sound/Sound Effects"
[Debug  :   REPOLib] Fixed AudioMixerGroup on GameObject "Enemy - Freddy Fazbear/Audio Source - Haywire - Loop". AudioMixerGroup "Sound/Sound Effects"
[Debug  :   REPOLib] Fixed AudioMixerGroup on GameObject "Enemy - Freddy Fazbear/Audio Source - Stun - Loop". AudioMixerGroup "Sound/Sound Effects"
[Debug  :   REPOLib] Fixed AudioMixerGroup on GameObject "Enemy - Freddy Fazbear/Audio Source - Cloaked - Loop". AudioMixerGroup "Sound/Sound Effects"
[Debug  :   REPOLib] Fixed AudioMixerGroup on GameObject "SmallVoodooDoll/AmbientAudio". AudioMixerGroup "Sound/Sound Master"
[Debug  :   REPOLib] Fixed AudioMixerGroup on GameObject "SmallVoodooDoll/Sound". AudioMixerGroup "Sound/Sound Master"
[Debug  :   REPOLib] Fixed AudioMixerGroup on GameObject "Enemy - LostDestroyer/Audio". AudioMixerGroup "Sound/Sound Effects"
[Debug  :   REPOLib] Fixed AudioMixerGroup on GameObject "Enemy - LostDestroyer/AudioTransform". AudioMixerGroup "Sound/Sound Effects"
[Debug  :   REPOLib] Fixed AudioMixerGroup on GameObject "Enemy - LostDestroyer/AudioAttack". AudioMixerGroup "Sound/Sound Effects"
[Debug  :   REPOLib] Fixed AudioMixerGroup on GameObject "Enemy - LostDestroyer/MediumAudio". AudioMixerGroup "Sound/Sound Effects"
[Debug  :   REPOLib] Fixed AudioMixerGroup on GameObject "Enemy - LostDestroyer/Footsteps". AudioMixerGroup "Sound/Sound Effects"
[Debug  :   REPOLib] Fixed AudioMixerGroup on GameObject "Enemy - LostDestroyer/LargeFootsteps". AudioMixerGroup "Sound/Sound Effects"
[Debug  :   REPOLib] Fixed AudioMixerGroup on GameObject "Enemy - LostDestroyer/Voicelines". AudioMixerGroup "Sound/Sound Effects"
[Debug  :   REPOLib] Fixed AudioMixerGroup on GameObject "Enemy - LostDestroyer/Death". AudioMixerGroup "Sound/Sound Effects"
[Debug  :   REPOLib] Fixed AudioMixerGroup on GameObject "Enemy - Gusher/Death". AudioMixerGroup "Sound/Sound Effects"
[Debug  :   REPOLib] Fixed AudioMixerGroup on GameObject "Enemy - Gusher/SemiPuke". AudioMixerGroup "Sound/Sound Effects"
[Debug  :   REPOLib] Fixed AudioMixerGroup on GameObject "Enemy - Gusher/SemiPuke (1)". AudioMixerGroup "Sound/Sound Effects"
[Debug  :   REPOLib] Fixed AudioMixerGroup on GameObject "Enemy - Gusher/SemiPuke (2)". AudioMixerGroup "Sound/Sound Effects"
[Debug  :   REPOLib] Fixed AudioMixerGroup on GameObject "Enemy - Gusher/SemiPuke (5)". AudioMixerGroup "Sound/Sound Effects"
[Debug  :   REPOLib] Fixed AudioMixerGroup on GameObject "Enemy - Gusher/SemiPuke (3)". AudioMixerGroup "Sound/Sound Effects"
[Debug  :   REPOLib] Fixed AudioMixerGroup on GameObject "Enemy - Gusher/SemiPuke (4)". AudioMixerGroup "Sound/Sound Effects"
[Debug  :   REPOLib] Fixed AudioMixerGroup on GameObject "Enemy - Gusher/SemiPuke (6)". AudioMixerGroup "Sound/Sound Effects"
[Debug  :   REPOLib] Fixed AudioMixerGroup on GameObject "Enemy - Gusher/SemiPuke (7)". AudioMixerGroup "Sound/Sound Effects"
[Debug  :   REPOLib] Fixed AudioMixerGroup on GameObject "Enemy - Gusher/Audio". AudioMixerGroup "Sound/Sound Effects"
[Debug  :   REPOLib] Fixed AudioMixerGroup on GameObject "Enemy - Gusher/Audio Attack". AudioMixerGroup "Sound/Sound Effects"
[Debug  :   REPOLib] Fixed AudioMixerGroup on GameObject "Enemy - Gusher/Ambience". AudioMixerGroup "Sound/Sound Effects"
[Debug  :   REPOLib] Fixed AudioMixerGroup on GameObject "Enemy - LostDroid/Audio". AudioMixerGroup "Sound/Sound Effects"
[Debug  :   REPOLib] Fixed AudioMixerGroup on GameObject "Enemy - LostDroid/AudioTransform". AudioMixerGroup "Sound/Sound Effects"
[Debug  :   REPOLib] Fixed AudioMixerGroup on GameObject "Enemy - LostDroid/AudioAttack". AudioMixerGroup "Sound/Sound Effects"
[Debug  :   REPOLib] Fixed AudioMixerGroup on GameObject "Enemy - LostDroid/MediumAudio". AudioMixerGroup "Sound/Sound Effects"
[Debug  :   REPOLib] Fixed AudioMixerGroup on GameObject "Enemy - LostDroid/Footsteps". AudioMixerGroup "Sound/Sound Effects"
[Debug  :   REPOLib] Fixed AudioMixerGroup on GameObject "Enemy - LostDroid/LargeFootsteps". AudioMixerGroup "Sound/Sound Effects"
[Debug  :   REPOLib] Fixed AudioMixerGroup on GameObject "Enemy - LostDroid/Voicelines". AudioMixerGroup "Sound/Sound Effects"
[Debug  :   REPOLib] Fixed AudioMixerGroup on GameObject "Enemy - LostDroid/Death". AudioMixerGroup "Sound/Sound Effects"
[Debug  :   REPOLib] Fixed AudioMixerGroup on GameObject "Enemy - Roaster/Death". AudioMixerGroup "Sound/Sound Effects"
[Debug  :   REPOLib] Fixed AudioMixerGroup on GameObject "Enemy - Roaster/SemiPuke". AudioMixerGroup "Sound/Sound Effects"
[Debug  :   REPOLib] Fixed AudioMixerGroup on GameObject "Enemy - Roaster/SemiPuke (1)". AudioMixerGroup "Sound/Sound Effects"
[Debug  :   REPOLib] Fixed AudioMixerGroup on GameObject "Enemy - Roaster/SemiPuke (2)". AudioMixerGroup "Sound/Sound Effects"
[Debug  :   REPOLib] Fixed AudioMixerGroup on GameObject "Enemy - Roaster/SemiPuke (3)". AudioMixerGroup "Sound/Sound Effects"
[Debug  :   REPOLib] Fixed AudioMixerGroup on GameObject "Enemy - Roaster/SemiPuke (4)". AudioMixerGroup "Sound/Sound Effects"
[Debug  :   REPOLib] Fixed AudioMixerGroup on GameObject "Enemy - Roaster/SemiPuke (5)". AudioMixerGroup "Sound/Sound Effects"
[Debug  :   REPOLib] Fixed AudioMixerGroup on GameObject "Enemy - Roaster/SemiPuke (6)". AudioMixerGroup "Sound/Sound Effects"
[Debug  :   REPOLib] Fixed AudioMixerGroup on GameObject "Enemy - Roaster/SemiPuke (7)". AudioMixerGroup "Sound/Sound Effects"
[Debug  :   REPOLib] Fixed AudioMixerGroup on GameObject "Enemy - Roaster/Audio". AudioMixerGroup "Sound/Sound Effects"
[Debug  :   REPOLib] Fixed AudioMixerGroup on GameObject "Enemy - Roaster/Audio Attack". AudioMixerGroup "Sound/Sound Effects"
[Debug  :   REPOLib] Fixed AudioMixerGroup on GameObject "Enemy - Roaster/Ambience". AudioMixerGroup "Sound/Sound Effects"
[Debug  :   REPOLib] Fixed AudioMixerGroup on GameObject "Enemy - Shotgunner/ConstantSfx". AudioMixerGroup "Sound/Master"
[Debug  :   REPOLib] Fixed AudioMixerGroup on GameObject "Enemy - Voodoo/VoodooRageAmbient". AudioMixerGroup "Sound/Sound Master"
[Debug  :   REPOLib] Fixed AudioMixerGroup on GameObject "Enemy - Voodoo/Audio". AudioMixerGroup "Sound/Sound Effects"
[Debug  :   REPOLib] Fixed AudioMixerGroup on GameObject "Enemy - Voodoo/AudioBell". AudioMixerGroup "Sound/Sound Effects"
[Debug  :   REPOLib] Fixed AudioMixerGroup on GameObject "Enemy - Voodoo/AttackSfx". AudioMixerGroup "Sound/Sound Effects"
[Debug  :   REPOLib] Fixed AudioMixerGroup on GameObject "Enemy - Voodoo/AttackSfx2". AudioMixerGroup "Sound/Sound Effects"
[Debug  :   REPOLib] Fixed AudioMixerGroup on GameObject "Enemy - Voodoo/AudioAmbience". AudioMixerGroup "Sound/Sound Effects"
[Info   :   REPOLib] Adding level ambiences.
[Debug  :soundedsquash.spawnmanager] Removing items.
[Debug  :   REPOLib] Fixed AudioMixerGroup on GameObject "Start Room - Minecraft Stronghold - First Sighting/Audio Source Lights". AudioMixerGroup "Sound/Sound Effects"
[Debug  :   REPOLib] Fixed AudioMixerGroup on GameObject "Start Room - Minecraft Stronghold - First Sighting/Audio Source Surplus". AudioMixerGroup "Sound/Sound Effects"
[Debug  :   REPOLib] Fixed AudioMixerGroup on GameObject "Start Room - Minecraft Stronghold - First Sighting/Audio Source Surplus Deduction". AudioMixerGroup "Sound/Sound Effects"
[Debug  :   REPOLib] Fixed AudioMixerGroup on GameObject "Start Room - Minecraft Stronghold - First Sighting/Audio Source Suck". AudioMixerGroup "Sound/Sound Effects"
[Debug  :   REPOLib] Fixed AudioMixerGroup on GameObject "Start Room - Minecraft Stronghold - First Sighting/Audio Loop Distance". AudioMixerGroup "Sound/Sound Effects"
[Debug  :   REPOLib] Fixed AudioMixerGroup on GameObject "Start Room - Minecraft Stronghold - First Sighting/Charging Station New". AudioMixerGroup "Sound/Sound Effects"
[Debug  :   REPOLib] Fixed AudioMixerGroup on GameObject "Start Room - Minecraft Stronghold - First Sighting/Screen Truck". AudioMixerGroup "Sound/Sound Effects"
[Debug  :   REPOLib] Fixed AudioMixerGroup on GameObject "Start Room - Minecraft Stronghold - First Sighting/Door". AudioMixerGroup "Sound/Sound Effects"
[Debug  :   REPOLib] Fixed AudioMixerGroup on GameObject "Start Room - Minecraft Stronghold - First Sighting/Healer Beam Origin". AudioMixerGroup "Sound/Sound Effects"
[Debug  :   REPOLib] Fixed AudioMixerGroup on GameObject "Start Room - Minecraft Stronghold - First Sighting/DoorOpenAudio". AudioMixerGroup "Sound/Sound Effects"
[Debug  :   REPOLib] Fixed AudioMixerGroup on GameObject "Start Room - Minecraft Stronghold - First Sighting/DoorCloseAudio". AudioMixerGroup "Sound/Sound Effects"
[Debug  :   REPOLib] Fixed AudioMixerGroup on GameObject "Start Room - Minecraft Stronghold - First Sighting/DoorOpenAudio". AudioMixerGroup "Sound/Sound Effects"
[Debug  :   REPOLib] Fixed AudioMixerGroup on GameObject "Start Room - Minecraft Stronghold - First Sighting/DoorCloseAudio". AudioMixerGroup "Sound/Sound Effects"
[Debug  :   REPOLib] Fixed AudioMixerGroup on GameObject "Start Room - Minecraft Stronghold - First Sighting/Audio Loop Rain (1)". AudioMixerGroup "Sound/Sound Effects"
[Debug  :   REPOLib] Fixed AudioMixerGroup on GameObject "Start Room - Minecraft Stronghold - First Sighting/Audio Loop Rain (1)". AudioMixerGroup "Sound/Sound Effects"
[Debug  :   REPOLib] Fixed AudioMixerGroup on GameObject "Start Room - Minecraft Stronghold - First Sighting/Audio Loop Rain (2)". AudioMixerGroup "Sound/Sound Effects"
[Debug  :   REPOLib] Fixed AudioMixerGroup on GameObject "Start Room - Minecraft Stronghold - First Sighting/Audio Loop Rain (3)". AudioMixerGroup "Sound/Sound Effects"
[Debug  :   REPOLib] Fixed AudioMixerGroup on GameObject "Start Room - Minecraft Stronghold - First Sighting/Audio Loop Rain (4)". AudioMixerGroup "Sound/Sound Effects"
[Debug  :   REPOLib] Fixed AudioMixerGroup on GameObject "Start Room - Minecraft Stronghold - First Sighting/Audio Loop Rain (5)". AudioMixerGroup "Sound/Sound Effects"
[Debug  :   REPOLib] Fixed AudioMixerGroup on GameObject "Start Room - Minecraft Stronghold - First Sighting/Audio Loop Rain (6)". AudioMixerGroup "Sound/Sound Effects"
[Debug  :   REPOLib] Fixed AudioMixerGroup on GameObject "Start Room - Minecraft Stronghold - First Sighting/Audio Loop Rain (7)". AudioMixerGroup "Sound/Sound Effects"
[Debug  :   REPOLib] Fixed AudioMixerGroup on GameObject "Start Room - Minecraft Stronghold - First Sighting/Audio Loop Rain (8)". AudioMixerGroup "Sound/Sound Effects"
[Debug  :   REPOLib] Fixed AudioMixerGroup on GameObject "Start Room - Minecraft Stronghold - First Sighting/Audio Loop Rain (9)". AudioMixerGroup "Sound/Sound Effects"
[Debug  :   REPOLib] Fixed AudioMixerGroup on GameObject "Start Room - Minecraft Stronghold - First Sighting/Audio Loop Rain (10)". AudioMixerGroup "Sound/Sound Effects"
[Debug  :   REPOLib] Fixed AudioMixerGroup on GameObject "Start Room - Minecraft Stronghold - First Sighting/Audio Loop Rain (11)". AudioMixerGroup "Sound/Sound Effects"
[Debug  :   REPOLib] Fixed AudioMixerGroup on GameObject "Start Room - Minecraft Stronghold - First Sighting/Audio Loop Rain (12)". AudioMixerGroup "Sound/Sound Effects"
[Debug  :   REPOLib] Fixed AudioMixerGroup on GameObject "Start Room - Minecraft Stronghold - First Sighting/Audio Loop Rain (13)". AudioMixerGroup "Sound/Sound Effects"
[Debug  :   REPOLib] Fixed AudioMixerGroup on GameObject "Start Room - Minecraft Stronghold - First Sighting/Audio Loop Rain (14)". AudioMixerGroup "Sound/Sound Effects"
[Debug  :   REPOLib] Fixed AudioMixerGroup on GameObject "Start Room - Minecraft Stronghold - First Sighting/Audio Loop Rain (15)". AudioMixerGroup "Sound/Sound Effects"
[Debug  :   REPOLib] Fixed AudioMixerGroup on GameObject "Start Room - Minecraft Stronghold - First Sighting/Audio Loop Rain (16)". AudioMixerGroup "Sound/Sound Effects"
[Debug  :   REPOLib] Fixed AudioMixerGroup on GameObject "Start Room - Minecraft Stronghold - First Sighting/Audio Loop Rain (17)". AudioMixerGroup "Sound/Sound Effects"
[Debug  :   REPOLib] Fixed AudioMixerGroup on GameObject "Start Room - Minecraft Stronghold - First Sighting/Audio Loop Rain (18)". AudioMixerGroup "Sound/Sound Effects"
[Debug  :   REPOLib] Fixed AudioMixerGroup on GameObject "Start Room - Minecraft Stronghold - First Sighting/Audio Loop Rain (19)". AudioMixerGroup "Sound/Sound Effects"
[Debug  :   REPOLib] Fixed AudioMixerGroup on GameObject "Start Room - Minecraft Stronghold - First Sighting/Audio Loop Rain (20)". AudioMixerGroup "Sound/Sound Effects"
[Debug  :   REPOLib] Fixed AudioMixerGroup on GameObject "Start Room - Minecraft Stronghold - First Sighting/Audio Loop Rain (21)". AudioMixerGroup "Sound/Sound Effects"
[Debug  :   REPOLib] Fixed AudioMixerGroup on GameObject "Start Room - Minecraft Stronghold - First Sighting/Audio Loop Rain (22)". AudioMixerGroup "Sound/Sound Effects"
[Debug  :   REPOLib] Fixed AudioMixerGroup on GameObject "Start Room - Minecraft Stronghold - First Sighting/Audio Loop Rain (23)". AudioMixerGroup "Sound/Sound Effects"
[Debug  :   REPOLib] Fixed AudioMixerGroup on GameObject "Start Room - Minecraft Stronghold - First Sighting/Audio Loop Rain (24)". AudioMixerGroup "Sound/Sound Effects"
[Debug  :   REPOLib] Fixed AudioMixerGroup on GameObject "Start Room - Minecraft Stronghold - First Sighting/Audio Loop Rain (25)". AudioMixerGroup "Sound/Sound Effects"
[Debug  :   REPOLib] Fixed AudioMixerGroup on GameObject "Start Room - Minecraft Stronghold - First Sighting/Audio Loop Rain (41)". AudioMixerGroup "Sound/Sound Effects"
[Debug  :   REPOLib] Fixed AudioMixerGroup on GameObject "Start Room - Minecraft Stronghold - First Sighting/Audio Loop Rain (45)". AudioMixerGroup "Sound/Sound Effects"
[Debug  :   REPOLib] Fixed AudioMixerGroup on GameObject "Start Room - Minecraft Stronghold - First Sighting/Audio Loop Rain (46)". AudioMixerGroup "Sound/Sound Effects"
[Debug  :   REPOLib] Fixed AudioMixerGroup on GameObject "Start Room - Minecraft Stronghold - First Sighting/Audio Loop Rain (47)". AudioMixerGroup "Sound/Sound Effects"
[Debug  :   REPOLib] Fixed AudioMixerGroup on GameObject "Start Room - Minecraft Stronghold - First Sighting/Audio Loop Rain (26)". AudioMixerGroup "Sound/Sound Effects"
[Debug  :   REPOLib] Fixed AudioMixerGroup on GameObject "Start Room - Minecraft Stronghold - First Sighting/Audio Loop Rain (27)". AudioMixerGroup "Sound/Sound Effects"
[Debug  :   REPOLib] Fixed AudioMixerGroup on GameObject "Start Room - Minecraft Stronghold - First Sighting/Audio Loop Rain (28)". AudioMixerGroup "Sound/Sound Effects"
[Debug  :   REPOLib] Fixed AudioMixerGroup on GameObject "Start Room - Minecraft Stronghold - First Sighting/Audio Loop Rain (29)". AudioMixerGroup "Sound/Sound Effects"
[Debug  :   REPOLib] Fixed AudioMixerGroup on GameObject "Start Room - Minecraft Stronghold - First Sighting/Audio Loop Rain (30)". AudioMixerGroup "Sound/Sound Effects"
[Debug  :   REPOLib] Fixed AudioMixerGroup on GameObject "Start Room - Minecraft Stronghold - First Sighting/Audio Loop Rain (31)". AudioMixerGroup "Sound/Sound Effects"
[Debug  :   REPOLib] Fixed AudioMixerGroup on GameObject "Start Room - Minecraft Stronghold - First Sighting/Audio Loop Rain (32)". AudioMixerGroup "Sound/Sound Effects"
[Debug  :   REPOLib] Fixed AudioMixerGroup on GameObject "Start Room - Minecraft Stronghold - First Sighting/Audio Loop Rain (33)". AudioMixerGroup "Sound/Sound Effects"
[Debug  :   REPOLib] Fixed AudioMixerGroup on GameObject "Start Room - Minecraft Stronghold - First Sighting/Audio Loop Rain (38)". AudioMixerGroup "Sound/Sound Effects"
[Debug  :   REPOLib] Fixed AudioMixerGroup on GameObject "Start Room - Minecraft Stronghold - First Sighting/Audio Loop Rain (34)". AudioMixerGroup "Sound/Sound Effects"
[Debug  :   REPOLib] Fixed AudioMixerGroup on GameObject "Start Room - Minecraft Stronghold - First Sighting/Audio Loop Rain (35)". AudioMixerGroup "Sound/Sound Effects"
[Debug  :   REPOLib] Fixed AudioMixerGroup on GameObject "Start Room - Minecraft Stronghold - First Sighting/Audio Loop Rain (36)". AudioMixerGroup "Sound/Sound Effects"
[Debug  :   REPOLib] Fixed AudioMixerGroup on GameObject "Start Room - Minecraft Stronghold - First Sighting/Audio Loop Rain (37)". AudioMixerGroup "Sound/Sound Effects"
[Debug  :   REPOLib] Fixed AudioMixerGroup on GameObject "Start Room - Minecraft Stronghold - First Sighting/Audio Loop Rain (39)". AudioMixerGroup "Sound/Sound Effects"
[Debug  :   REPOLib] Fixed AudioMixerGroup on GameObject "Start Room - Minecraft Stronghold - First Sighting/Audio Loop Rain (40)". AudioMixerGroup "Sound/Sound Effects"
[Debug  :   REPOLib] Fixed AudioMixerGroup on GameObject "Start Room - Minecraft Stronghold - First Sighting/Audio Loop Rain (42)". AudioMixerGroup "Sound/Sound Effects"
[Debug  :   REPOLib] Fixed AudioMixerGroup on GameObject "Start Room - Minecraft Stronghold - First Sighting/Audio Loop Rain (43)". AudioMixerGroup "Sound/Sound Effects"
[Debug  :   REPOLib] Fixed AudioMixerGroup on GameObject "Start Room - Minecraft Stronghold - First Sighting/Audio Loop Rain (44)". AudioMixerGroup "Sound/Sound Effects"
[Debug  :   REPOLib] Fixed AudioMixerGroup on GameObject "Start Room - Minecraft Stronghold - Pack.png/Audio Source Lights". AudioMixerGroup "Sound/Sound Effects"
[Debug  :   REPOLib] Fixed AudioMixerGroup on GameObject "Start Room - Minecraft Stronghold - Pack.png/Audio Source Surplus". AudioMixerGroup "Sound/Sound Effects"
[Debug  :   REPOLib] Fixed AudioMixerGroup on GameObject "Start Room - Minecraft Stronghold - Pack.png/Audio Source Surplus Deduction". AudioMixerGroup "Sound/Sound Effects"
[Debug  :   REPOLib] Fixed AudioMixerGroup on GameObject "Start Room - Minecraft Stronghold - Pack.png/Audio Source Suck". AudioMixerGroup "Sound/Sound Effects"
[Debug  :   REPOLib] Fixed AudioMixerGroup on GameObject "Start Room - Minecraft Stronghold - Pack.png/Audio Loop Distance". AudioMixerGroup "Sound/Sound Effects"
[Debug  :   REPOLib] Fixed AudioMixerGroup on GameObject "Start Room - Minecraft Stronghold - Pack.png/Charging Station New". AudioMixerGroup "Sound/Sound Effects"
[Debug  :   REPOLib] Fixed AudioMixerGroup on GameObject "Start Room - Minecraft Stronghold - Pack.png/Screen Truck". AudioMixerGroup "Sound/Sound Effects"
[Debug  :   REPOLib] Fixed AudioMixerGroup on GameObject "Start Room - Minecraft Stronghold - Pack.png/Door". AudioMixerGroup "Sound/Sound Effects"
[Debug  :   REPOLib] Fixed AudioMixerGroup on GameObject "Start Room - Minecraft Stronghold - Pack.png/Healer Beam Origin". AudioMixerGroup "Sound/Sound Effects"
[Debug  :   REPOLib] Fixed AudioMixerGroup on GameObject "Start Room - Minecraft Stronghold - Pack.png/ButtonAudioSource". AudioMixerGroup "Sound/Sound Effects"
[Debug  :   REPOLib] Fixed AudioMixerGroup on GameObject "Start Room - Minecraft Stronghold - Pack.png/ButtonAudioSourceOff". AudioMixerGroup "Sound/Sound Effects"
[Debug  :   REPOLib] Fixed AudioMixerGroup on GameObject "Start Room - Minecraft Stronghold - Pack.png/DoorAudioOpen". AudioMixerGroup "Sound/Sound Effects"
[Debug  :   REPOLib] Fixed AudioMixerGroup on GameObject "Start Room - Minecraft Stronghold - Pack.png/DoorAudioButtonOpen". AudioMixerGroup "Sound/Sound Effects"
[Debug  :   REPOLib] Fixed AudioMixerGroup on GameObject "Start Room - Minecraft Stronghold - Pack.png/DoorAudioLeverOpen". AudioMixerGroup "Sound/Sound Effects"
[Debug  :   REPOLib] Fixed AudioMixerGroup on GameObject "Start Room - Minecraft Stronghold - Pack.png/LeverAudioSource". AudioMixerGroup "Sound/Sound Effects"
[Debug  :   REPOLib] Fixed AudioMixerGroup on GameObject "Start Room - Minecraft Stronghold - Pack.png/ButtonAudioSource". AudioMixerGroup "Sound/Sound Effects"
[Debug  :   REPOLib] Fixed AudioMixerGroup on GameObject "Start Room - Minecraft Stronghold - Pack.png/ButtonAudioSourceOff". AudioMixerGroup "Sound/Sound Effects"
[Debug  :   REPOLib] Fixed AudioMixerGroup on GameObject "Start Room - Minecraft Stronghold - Pack.png/DoorAudioLeverClose". AudioMixerGroup "Sound/Sound Effects"
[Debug  :   REPOLib] Fixed AudioMixerGroup on GameObject "Start Room - Minecraft Stronghold - Pack.png/DoorAudioButtonOpen". AudioMixerGroup "Sound/Sound Effects"
[Debug  :   REPOLib] Fixed AudioMixerGroup on GameObject "Start Room - Minecraft Stronghold - Pack.png/DoorAudioButtonClose". AudioMixerGroup "Sound/Sound Effects"
[Debug  :   REPOLib] Fixed AudioMixerGroup on GameObject "Start Room - Minecraft Stronghold - Pack.png/DoorAudioButtonOpen". AudioMixerGroup "Sound/Sound Effects"
[Debug  :   REPOLib] Fixed AudioMixerGroup on GameObject "Start Room - Minecraft Stronghold - Pack.png/Audio Loop Rain (1)". AudioMixerGroup "Sound/Sound Effects"
[Debug  :   REPOLib] Fixed AudioMixerGroup on GameObject "Start Room - Minecraft Stronghold - Pack.png/Audio Loop Rain (21)". AudioMixerGroup "Sound/Sound Effects"
[Debug  :   REPOLib] Fixed AudioMixerGroup on GameObject "Start Room - Minecraft Stronghold - Pack.png/Audio Loop Rain (22)". AudioMixerGroup "Sound/Sound Effects"
[Debug  :   REPOLib] Fixed AudioMixerGroup on GameObject "Start Room - Minecraft Stronghold - Pack.png/Audio Loop Rain (24)". AudioMixerGroup "Sound/Sound Effects"
[Debug  :   REPOLib] Fixed AudioMixerGroup on GameObject "Start Room - Minecraft Stronghold - Pack.png/Audio Loop Rain (25)". AudioMixerGroup "Sound/Sound Effects"
[Debug  :   REPOLib] Fixed AudioMixerGroup on GameObject "Start Room - Minecraft Stronghold - Pack.png/Audio Loop Rain (26)". AudioMixerGroup "Sound/Sound Effects"
[Debug  :   REPOLib] Fixed AudioMixerGroup on GameObject "Start Room - Minecraft Stronghold - Pack.png/Audio Loop Rain (2)". AudioMixerGroup "Sound/Sound Effects"
[Debug  :   REPOLib] Fixed AudioMixerGroup on GameObject "Start Room - Minecraft Stronghold - Pack.png/Audio Loop Rain (6)". AudioMixerGroup "Sound/Sound Effects"
[Debug  :   REPOLib] Fixed AudioMixerGroup on GameObject "Start Room - Minecraft Stronghold - Pack.png/Audio Loop Rain (7)". AudioMixerGroup "Sound/Sound Effects"
[Debug  :   REPOLib] Fixed AudioMixerGroup on GameObject "Start Room - Minecraft Stronghold - Pack.png/Audio Loop Rain (8)". AudioMixerGroup "Sound/Sound Effects"
[Debug  :   REPOLib] Fixed AudioMixerGroup on GameObject "Start Room - Minecraft Stronghold - Pack.png/Audio Loop Rain (9)". AudioMixerGroup "Sound/Sound Effects"
[Debug  :   REPOLib] Fixed AudioMixerGroup on GameObject "Start Room - Minecraft Stronghold - Pack.png/Audio Loop Rain (10)". AudioMixerGroup "Sound/Sound Effects"
[Debug  :   REPOLib] Fixed AudioMixerGroup on GameObject "Start Room - Minecraft Stronghold - Pack.png/Audio Loop Rain (11)". AudioMixerGroup "Sound/Sound Effects"
[Debug  :   REPOLib] Fixed AudioMixerGroup on GameObject "Start Room - Minecraft Stronghold - Pack.png/Audio Loop Rain (12)". AudioMixerGroup "Sound/Sound Effects"
[Debug  :   REPOLib] Fixed AudioMixerGroup on GameObject "Start Room - Minecraft Stronghold - Pack.png/Audio Loop Rain (14)". AudioMixerGroup "Sound/Sound Effects"
[Debug  :   REPOLib] Fixed AudioMixerGroup on GameObject "Start Room - Minecraft Stronghold - Pack.png/Audio Loop Rain (15)". AudioMixerGroup "Sound/Sound Effects"
[Debug  :   REPOLib] Fixed AudioMixerGroup on GameObject "Start Room - Minecraft Stronghold - Pack.png/Audio Loop Rain (16)". AudioMixerGroup "Sound/Sound Effects"
[Debug  :   REPOLib] Fixed AudioMixerGroup on GameObject "Start Room - Minecraft Stronghold - Pack.png/Audio Loop Rain (17)". AudioMixerGroup "Sound/Sound Effects"
[Debug  :   REPOLib] Fixed AudioMixerGroup on GameObject "Start Room - Minecraft Stronghold - Pack.png/Audio Loop Rain (18)". AudioMixerGroup "Sound/Sound Effects"
[Debug  :   REPOLib] Fixed AudioMixerGroup on GameObject "Start Room - Minecraft Stronghold - Pack.png/Audio Loop Rain (19)". AudioMixerGroup "Sound/Sound Effects"
[Debug  :   REPOLib] Fixed AudioMixerGroup on GameObject "Start Room - Minecraft Stronghold - Pack.png/Audio Loop Rain (3)". AudioMixerGroup "Sound/Sound Effects"
[Debug  :   REPOLib] Fixed AudioMixerGroup on GameObject "Start Room - Minecraft Stronghold - Pack.png/Audio Loop Rain (4)". AudioMixerGroup "Sound/Sound Effects"
[Debug  :   REPOLib] Fixed AudioMixerGroup on GameObject "Start Room - Minecraft Stronghold - Pack.png/Audio Loop Rain (5)". AudioMixerGroup "Sound/Sound Effects"
[Debug  :   REPOLib] Fixed AudioMixerGroup on GameObject "Start Room - Minecraft Stronghold - Pack.png/AudioSource". AudioMixerGroup "Sound/Sound Effects"
[Debug  :   REPOLib] Fixed AudioMixerGroup on GameObject "Module - Stronghold - N - 1 - Cube/DoorAudioButtonOpen". AudioMixerGroup "Sound/Sound Effects"
[Debug  :   REPOLib] Fixed AudioMixerGroup on GameObject "Module - Stronghold - N - 1 - Cube/DoorAudioButtonOpen". AudioMixerGroup "Sound/Sound Effects"
[Debug  :   REPOLib] Fixed AudioMixerGroup on GameObject "Module - Stronghold - N - 1 - Cube/DoorAudioButtonOpen". AudioMixerGroup "Sound/Sound Effects"
[Debug  :   REPOLib] Fixed AudioMixerGroup on GameObject "Module - Stronghold - N - 1 - Cube/DoorAudioButtonOpen". AudioMixerGroup "Sound/Sound Effects"
[Debug  :   REPOLib] Fixed AudioMixerGroup on GameObject "Module - Stronghold - N - 1 - Fountain/Audio Loop Water". AudioMixerGroup "Sound/Sound Effects"
[Debug  :   REPOLib] Fixed AudioMixerGroup on GameObject "Module - Stronghold - N - 1 - Fountain/Hinge Audio". AudioMixerGroup "Sound/Sound Effects"
[Debug  :   REPOLib] Fixed AudioMixerGroup on GameObject "Module - Stronghold - N - 1 - Fountain/Hinge Audio". AudioMixerGroup "Sound/Sound Effects"
[Debug  :   REPOLib] Fixed AudioMixerGroup on GameObject "Module - Stronghold - N - 1 - Fountain/DoorAudioButtonOpen". AudioMixerGroup "Sound/Sound Effects"
[Debug  :   REPOLib] Fixed AudioMixerGroup on GameObject "Module - Stronghold - N - 1 - Fountain/DoorAudioButtonOpen". AudioMixerGroup "Sound/Sound Effects"
[Debug  :   REPOLib] Fixed AudioMixerGroup on GameObject "Module - Stronghold - N - 1 - Fountain/DoorAudioButtonOpen". AudioMixerGroup "Sound/Sound Effects"
[Debug  :   REPOLib] Fixed AudioMixerGroup on GameObject "Module - Stronghold - N - 1 - Fountain/DoorAudioButtonOpen". AudioMixerGroup "Sound/Sound Effects"
[Debug  :   REPOLib] Fixed AudioMixerGroup on GameObject "Module - Stronghold - N - 1 - Monster Spawner/Audio Loop Lava". AudioMixerGroup "Sound/Sound Effects"
[Debug  :   REPOLib] Fixed AudioMixerGroup on GameObject "Module - Stronghold - N - 1 - Monster Spawner/Hinge Audio". AudioMixerGroup "Sound/Sound Effects"
[Debug  :   REPOLib] Fixed AudioMixerGroup on GameObject "Module - Stronghold - N - 1 - Monster Spawner/Hinge Audio". AudioMixerGroup "Sound/Sound Effects"
[Debug  :   REPOLib] Fixed AudioMixerGroup on GameObject "Module - Stronghold - N - 1 - Monster Spawner/DoorAudioButtonOpen". AudioMixerGroup "Sound/Sound Effects"
[Debug  :   REPOLib] Fixed AudioMixerGroup on GameObject "Module - Stronghold - N - 1 - Monster Spawner/DoorAudioButtonOpen". AudioMixerGroup "Sound/Sound Effects"
[Debug  :   REPOLib] Fixed AudioMixerGroup on GameObject "Module - Stronghold - N - 1 - Monster Spawner/DoorAudioButtonOpen". AudioMixerGroup "Sound/Sound Effects"
[Debug  :   REPOLib] Fixed AudioMixerGroup on GameObject "Module - Stronghold - N - 1 - Monster Spawner/DoorAudioButtonOpen". AudioMixerGroup "Sound/Sound Effects"
[Debug  :   REPOLib] Fixed AudioMixerGroup on GameObject "Module - Stronghold - N - 1 - Monster Spawner/DoorAudioButtonOpen". AudioMixerGroup "Sound/Sound Effects"
[Debug  :   REPOLib] Fixed AudioMixerGroup on GameObject "Module - Stronghold - N - 1 - Rainy Room/Audio Loop Rain". AudioMixerGroup "Sound/Sound Effects"
[Debug  :   REPOLib] Fixed AudioMixerGroup on GameObject "Module - Stronghold - N - 1 - Rainy Room/Audio Loop Lava". AudioMixerGroup "Sound/Sound Effects"
[Debug  :   REPOLib] Fixed AudioMixerGroup on GameObject "Module - Stronghold - N - 1 - Rainy Room/DoorAudioButtonOpen". AudioMixerGroup "Sound/Sound Effects"
[Debug  :   REPOLib] Fixed AudioMixerGroup on GameObject "Module - Stronghold - N - 1 - Rainy Room/DoorAudioButtonOpen". AudioMixerGroup "Sound/Sound Effects"
[Debug  :   REPOLib] Fixed AudioMixerGroup on GameObject "Module - Stronghold - N - 1 - Rainy Room/DoorAudioButtonOpen". AudioMixerGroup "Sound/Sound Effects"
[Debug  :   REPOLib] Fixed AudioMixerGroup on GameObject "Module - Stronghold - N - 1 - Rainy Room/DoorAudioButtonOpen". AudioMixerGroup "Sound/Sound Effects"
[Debug  :   REPOLib] Fixed AudioMixerGroup on GameObject "Module - Stronghold - N - 1 - Rainy Room/Hinge Audio". AudioMixerGroup "Sound/Sound Effects"
[Debug  :   REPOLib] Fixed AudioMixerGroup on GameObject "Module - Stronghold - N - 1 - Rainy Room/DoorAudioButtonOpen". AudioMixerGroup "Sound/Sound Effects"
[Debug  :   REPOLib] Fixed AudioMixerGroup on GameObject "Module - Stronghold - N - 1 - Rainy Room/DoorAudioButtonOpen". AudioMixerGroup "Sound/Sound Effects"
[Debug  :   REPOLib] Fixed AudioMixerGroup on GameObject "Module - Stronghold - N - 1 - Staircase/DoorAudioButtonOpen". AudioMixerGroup "Sound/Sound Effects"
[Debug  :   REPOLib] Fixed AudioMixerGroup on GameObject "Module - Stronghold - N - 1 - Staircase/DoorAudioLeverOpen". AudioMixerGroup "Sound/Sound Effects"
[Debug  :   REPOLib] Fixed AudioMixerGroup on GameObject "Module - Stronghold - N - 1 - Staircase/LeverAudioSource". AudioMixerGroup "Sound/Sound Effects"
[Debug  :   REPOLib] Fixed AudioMixerGroup on GameObject "Module - Stronghold - N - 1 - Staircase/ButtonAudioSource". AudioMixerGroup "Sound/Sound Effects"
[Debug  :   REPOLib] Fixed AudioMixerGroup on GameObject "Module - Stronghold - N - 1 - Staircase/ButtonAudioSourceOff". AudioMixerGroup "Sound/Sound Effects"
[Debug  :   REPOLib] Fixed AudioMixerGroup on GameObject "Module - Stronghold - N - 1 - Staircase/DoorAudioLeverClose". AudioMixerGroup "Sound/Sound Effects"
[Debug  :   REPOLib] Fixed AudioMixerGroup on GameObject "Module - Stronghold - N - 1 - Staircase/DoorAudioButtonOpen". AudioMixerGroup "Sound/Sound Effects"
[Debug  :   REPOLib] Fixed AudioMixerGroup on GameObject "Module - Stronghold - N - 1 - Staircase/DoorAudioButtonClose". AudioMixerGroup "Sound/Sound Effects"
[Debug  :   REPOLib] Fixed AudioMixerGroup on GameObject "Module - Stronghold - N - 1 - Staircase/DoorAudioLeverOpen". AudioMixerGroup "Sound/Sound Effects"
[Debug  :   REPOLib] Fixed AudioMixerGroup on GameObject "Module - Stronghold - N - 1 - Staircase/LeverAudioSource". AudioMixerGroup "Sound/Sound Effects"
[Debug  :   REPOLib] Fixed AudioMixerGroup on GameObject "Module - Stronghold - N - 1 - Staircase/ButtonAudioSource". AudioMixerGroup "Sound/Sound Effects"
[Debug  :   REPOLib] Fixed AudioMixerGroup on GameObject "Module - Stronghold - N - 1 - Staircase/ButtonAudioSourceOff". AudioMixerGroup "Sound/Sound Effects"
[Debug  :   REPOLib] Fixed AudioMixerGroup on GameObject "Module - Stronghold - N - 1 - Staircase/DoorAudioLeverClose". AudioMixerGroup "Sound/Sound Effects"
[Debug  :   REPOLib] Fixed AudioMixerGroup on GameObject "Module - Stronghold - N - 1 - Staircase/DoorAudioButtonOpen". AudioMixerGroup "Sound/Sound Effects"
[Debug  :   REPOLib] Fixed AudioMixerGroup on GameObject "Module - Stronghold - N - 1 - Staircase/DoorAudioButtonClose". AudioMixerGroup "Sound/Sound Effects"
[Debug  :   REPOLib] Fixed AudioMixerGroup on GameObject "Module - Stronghold - N - 1 - Staircase/DoorAudioButtonOpen". AudioMixerGroup "Sound/Sound Effects"
[Debug  :   REPOLib] Fixed AudioMixerGroup on GameObject "Module - Stronghold - N - 1 - Staircase/Hinge Audio". AudioMixerGroup "Sound/Sound Effects"
[Debug  :   REPOLib] Fixed AudioMixerGroup on GameObject "Module - Stronghold - N - 1 - Staircase/DoorAudioButtonOpen". AudioMixerGroup "Sound/Sound Effects"
[Debug  :   REPOLib] Fixed AudioMixerGroup on GameObject "Module - Stronghold - N - 1 - Staircase/DoorAudioButtonOpen". AudioMixerGroup "Sound/Sound Effects"
[Debug  :   REPOLib] Fixed AudioMixerGroup on GameObject "Module - Stronghold - N - 1 - Staircase/DoorAudioButtonOpen". AudioMixerGroup "Sound/Sound Effects"
[Debug  :   REPOLib] Fixed AudioMixerGroup on GameObject "Module - Stronghold - N - 1 - Staircase/DoorAudioButtonOpen". AudioMixerGroup "Sound/Sound Effects"
[Debug  :   REPOLib] Fixed AudioMixerGroup on GameObject "Module - Stronghold - N - 1 - Tower/DoorAudioButtonOpen". AudioMixerGroup "Sound/Sound Effects"
[Debug  :   REPOLib] Fixed AudioMixerGroup on GameObject "Module - Stronghold - N - 1 - Tower/DoorAudioButtonOpen". AudioMixerGroup "Sound/Sound Effects"
[Debug  :   REPOLib] Fixed AudioMixerGroup on GameObject "Module - Stronghold - N - 1 - Tower/DoorAudioButtonOpen". AudioMixerGroup "Sound/Sound Effects"
[Debug  :   REPOLib] Fixed AudioMixerGroup on GameObject "Module - Stronghold - N - 1 - Tower/DoorAudioButtonOpen". AudioMixerGroup "Sound/Sound Effects"
[Debug  :   REPOLib] Fixed AudioMixerGroup on GameObject "Module - Stronghold - N - 1 - Tower/Hinge Audio". AudioMixerGroup "Sound/Sound Effects"
[Debug  :   REPOLib] Fixed AudioMixerGroup on GameObject "Module - Stronghold - N - 1 - Tower/Hinge Audio". AudioMixerGroup "Sound/Sound Effects"
[Debug  :   REPOLib] Fixed AudioMixerGroup on GameObject "Module - Stronghold - N - 1 - Trap Room/DoorAudioButtonOpen". AudioMixerGroup "Sound/Sound Effects"
[Debug  :   REPOLib] Fixed AudioMixerGroup on GameObject "Module - Stronghold - N - 1 - Trap Room/DoorAudioButtonOpen". AudioMixerGroup "Sound/Sound Effects"
[Debug  :   REPOLib] Fixed AudioMixerGroup on GameObject "Module - Stronghold - N - 1 - Trap Room/DoorAudioLeverOpen". AudioMixerGroup "Sound/Sound Effects"
[Debug  :   REPOLib] Fixed AudioMixerGroup on GameObject "Module - Stronghold - N - 1 - Trap Room/LeverAudioSource". AudioMixerGroup "Sound/Sound Effects"
[Debug  :   REPOLib] Fixed AudioMixerGroup on GameObject "Module - Stronghold - N - 1 - Trap Room/ButtonAudioSource". AudioMixerGroup "Sound/Sound Effects"
[Debug  :   REPOLib] Fixed AudioMixerGroup on GameObject "Module - Stronghold - N - 1 - Trap Room/ButtonAudioSourceOff". AudioMixerGroup "Sound/Sound Effects"
[Debug  :   REPOLib] Fixed AudioMixerGroup on GameObject "Module - Stronghold - N - 1 - Trap Room/DoorAudioLeverClose". AudioMixerGroup "Sound/Sound Effects"
[Debug  :   REPOLib] Fixed AudioMixerGroup on GameObject "Module - Stronghold - N - 1 - Trap Room/DoorAudioButtonOpen". AudioMixerGroup "Sound/Sound Effects"
[Debug  :   REPOLib] Fixed AudioMixerGroup on GameObject "Module - Stronghold - N - 1 - Trap Room/DoorAudioButtonClose". AudioMixerGroup "Sound/Sound Effects"
[Debug  :   REPOLib] Fixed AudioMixerGroup on GameObject "Module - Stronghold - N - 1 - Trap Room/DoorAudioButtonOpen". AudioMixerGroup "Sound/Sound Effects"
[Debug  :   REPOLib] Fixed AudioMixerGroup on GameObject "Module - Stronghold - N - 1 - Trap Room/Audio Loop Lava". AudioMixerGroup "Sound/Sound Effects"
[Debug  :   REPOLib] Fixed AudioMixerGroup on GameObject "Module - Stronghold - N - 1 - Trap Room/Hinge Audio". AudioMixerGroup "Sound/Sound Effects"
[Debug  :   REPOLib] Fixed AudioMixerGroup on GameObject "Module - Stronghold - N - 1 - Trap Room/Hinge Audio". AudioMixerGroup "Sound/Sound Effects"
[Debug  :   REPOLib] Fixed AudioMixerGroup on GameObject "Module - Stronghold - P - 1 - Amethyst Geode/Audio Loop Lava (2)". AudioMixerGroup "Sound/Sound Effects"
[Debug  :   REPOLib] Fixed AudioMixerGroup on GameObject "Module - Stronghold - P - 1 - Hidey Hole/Audio Loop Lava (2)". AudioMixerGroup "Sound/Sound Effects"
[Debug  :   REPOLib] Fixed AudioMixerGroup on GameObject "Module - Stronghold - P - 1 - Hidey Hole/Hinge Audio". AudioMixerGroup "Sound/Sound Effects"
[Debug  :   REPOLib] Fixed AudioMixerGroup on GameObject "Module - Stronghold - P - 1 - Hidey Hole/DoorAudioButtonOpen". AudioMixerGroup "Sound/Sound Effects"
[Debug  :   REPOLib] Fixed AudioMixerGroup on GameObject "Module - Stronghold - P - 1 - Jails/Hinge Audio". AudioMixerGroup "Sound/Sound Effects"
[Debug  :   REPOLib] Fixed AudioMixerGroup on GameObject "Module - Stronghold - P - 1 - Jails/Hinge Audio". AudioMixerGroup "Sound/Sound Effects"
[Debug  :   REPOLib] Fixed AudioMixerGroup on GameObject "Module - Stronghold - P - 1 - Jails/DoorAudioLeverOpen". AudioMixerGroup "Sound/Sound Effects"
[Debug  :   REPOLib] Fixed AudioMixerGroup on GameObject "Module - Stronghold - P - 1 - Jails/LeverAudioSource". AudioMixerGroup "Sound/Sound Effects"
[Debug  :   REPOLib] Fixed AudioMixerGroup on GameObject "Module - Stronghold - P - 1 - Jails/ButtonAudioSource". AudioMixerGroup "Sound/Sound Effects"
[Debug  :   REPOLib] Fixed AudioMixerGroup on GameObject "Module - Stronghold - P - 1 - Jails/ButtonAudioSourceOff". AudioMixerGroup "Sound/Sound Effects"
[Debug  :   REPOLib] Fixed AudioMixerGroup on GameObject "Module - Stronghold - P - 1 - Jails/DoorAudioLeverClose". AudioMixerGroup "Sound/Sound Effects"
[Debug  :   REPOLib] Fixed AudioMixerGroup on GameObject "Module - Stronghold - P - 1 - Jails/DoorAudioButtonOpen". AudioMixerGroup "Sound/Sound Effects"
[Debug  :   REPOLib] Fixed AudioMixerGroup on GameObject "Module - Stronghold - P - 1 - Jails/DoorAudioButtonClose". AudioMixerGroup "Sound/Sound Effects"
[Debug  :   REPOLib] Fixed AudioMixerGroup on GameObject "Module - Stronghold - P - 1 - Jails/DoorAudioLeverOpen". AudioMixerGroup "Sound/Sound Effects"
[Debug  :   REPOLib] Fixed AudioMixerGroup on GameObject "Module - Stronghold - P - 1 - Jails/LeverAudioSource". AudioMixerGroup "Sound/Sound Effects"
[Debug  :   REPOLib] Fixed AudioMixerGroup on GameObject "Module - Stronghold - P - 1 - Jails/ButtonAudioSource". AudioMixerGroup "Sound/Sound Effects"
[Debug  :   REPOLib] Fixed AudioMixerGroup on GameObject "Module - Stronghold - P - 1 - Jails/ButtonAudioSourceOff". AudioMixerGroup "Sound/Sound Effects"
[Debug  :   REPOLib] Fixed AudioMixerGroup on GameObject "Module - Stronghold - P - 1 - Jails/DoorAudioLeverClose". AudioMixerGroup "Sound/Sound Effects"
[Debug  :   REPOLib] Fixed AudioMixerGroup on GameObject "Module - Stronghold - P - 1 - Jails/DoorAudioButtonOpen". AudioMixerGroup "Sound/Sound Effects"
[Debug  :   REPOLib] Fixed AudioMixerGroup on GameObject "Module - Stronghold - P - 1 - Jails/DoorAudioButtonClose". AudioMixerGroup "Sound/Sound Effects"
[Debug  :   REPOLib] Fixed AudioMixerGroup on GameObject "Module - Stronghold - DE - 1 - Library/Hinge Audio". AudioMixerGroup "Sound/Sound Effects"
[Debug  :   REPOLib] Fixed AudioMixerGroup on GameObject "Module - Stronghold - E - 1 - Portal/Audio Source Lights". AudioMixerGroup "Sound/Sound Effects"
[Debug  :   REPOLib] Fixed AudioMixerGroup on GameObject "Module - Stronghold - E - 1 - Portal/Audio Source Surplus". AudioMixerGroup "Sound/Sound Effects"
[Debug  :   REPOLib] Fixed AudioMixerGroup on GameObject "Module - Stronghold - E - 1 - Portal/Audio Source Surplus Deduction". AudioMixerGroup "Sound/Sound Effects"
[Debug  :   REPOLib] Fixed AudioMixerGroup on GameObject "Module - Stronghold - E - 1 - Portal/Audio Source Suck". AudioMixerGroup "Sound/Sound Effects"
[Debug  :   REPOLib] Fixed AudioMixerGroup on GameObject "Module - Stronghold - E - 1 - Portal/Audio Loop Lava". AudioMixerGroup "Sound/Sound Effects"
[Debug  :   REPOLib] Fixed AudioMixerGroup on GameObject "Module - Stronghold - E - 1 - Portal/Audio Loop Lava (1)". AudioMixerGroup "Sound/Sound Effects"
[Debug  :   REPOLib] Fixed AudioMixerGroup on GameObject "Module - Stronghold - E - 1 - Portal/Audio Loop Lava (2)". AudioMixerGroup "Sound/Sound Effects"
[Debug  :   REPOLib] Fixed AudioMixerGroup on GameObject "Module - Stronghold - E - 1 - Sunken Memory/Audio Source Lights". AudioMixerGroup "Sound/Sound Effects"
[Debug  :   REPOLib] Fixed AudioMixerGroup on GameObject "Module - Stronghold - E - 1 - Sunken Memory/Audio Source Surplus". AudioMixerGroup "Sound/Sound Effects"
[Debug  :   REPOLib] Fixed AudioMixerGroup on GameObject "Module - Stronghold - E - 1 - Sunken Memory/Audio Source Surplus Deduction". AudioMixerGroup "Sound/Sound Effects"
[Debug  :   REPOLib] Fixed AudioMixerGroup on GameObject "Module - Stronghold - E - 1 - Sunken Memory/Audio Source Suck". AudioMixerGroup "Sound/Sound Effects"
[Debug  :   REPOLib] Fixed AudioMixerGroup on GameObject "Module - Stronghold - E - 1 - Sunken Memory/Audio Loop Water". AudioMixerGroup "Sound/Sound Effects"
[Debug  :   REPOLib] Fixed AudioMixerGroup on GameObject "Module - Stronghold - E - 1 - Sunken Memory/Audio Loop Rain (1)". AudioMixerGroup "Sound/Sound Effects"
[Debug  :   REPOLib] Fixed AudioMixerGroup on GameObject "Module - Stronghold - E - 1 - Sunken Memory/Audio Loop Rain (5)". AudioMixerGroup "Sound/Sound Effects"
[Debug  :   REPOLib] Fixed AudioMixerGroup on GameObject "Module - Stronghold - E - 1 - Sunken Memory/Audio Loop Rain (4)". AudioMixerGroup "Sound/Sound Effects"
[Debug  :   REPOLib] Fixed AudioMixerGroup on GameObject "Module - Stronghold - E - 1 - Sunken Memory/Audio Loop Rain (2)". AudioMixerGroup "Sound/Sound Effects"
[Debug  :   REPOLib] Fixed AudioMixerGroup on GameObject "Module - Stronghold - E - 1 - Sunken Memory/Audio Loop Rain (3)". AudioMixerGroup "Sound/Sound Effects"
[Debug  :   REPOLib] Fixed AudioMixerGroup on GameObject "Module - Stronghold - N - 2 - Mineshaft/DoorAudioButtonOpen". AudioMixerGroup "Sound/Sound Effects"
[Debug  :   REPOLib] Fixed AudioMixerGroup on GameObject "Module - Stronghold - N - 2 - Mineshaft/DoorAudioButtonOpen". AudioMixerGroup "Sound/Sound Effects"
[Debug  :   REPOLib] Fixed AudioMixerGroup on GameObject "Module - Stronghold - N - 2 - Mineshaft/DoorAudioButtonOpen". AudioMixerGroup "Sound/Sound Effects"
[Debug  :   REPOLib] Fixed AudioMixerGroup on GameObject "Module - Stronghold - N - 2 - Mineshaft/DoorAudioButtonOpen". AudioMixerGroup "Sound/Sound Effects"
[Debug  :   REPOLib] Fixed AudioMixerGroup on GameObject "Module - Stronghold - N - 2 - Mineshaft/Audio Loop Lava (2)". AudioMixerGroup "Sound/Sound Effects"
[Debug  :   REPOLib] Fixed AudioMixerGroup on GameObject "Module - Stronghold - N - 2 - Mineshaft/DoorAudioLeverOpen". AudioMixerGroup "Sound/Sound Effects"
[Debug  :   REPOLib] Fixed AudioMixerGroup on GameObject "Module - Stronghold - N - 2 - Mineshaft/LeverAudioSource". AudioMixerGroup "Sound/Sound Effects"
[Debug  :   REPOLib] Fixed AudioMixerGroup on GameObject "Module - Stronghold - N - 2 - Mineshaft/ButtonAudioSource". AudioMixerGroup "Sound/Sound Effects"
[Debug  :   REPOLib] Fixed AudioMixerGroup on GameObject "Module - Stronghold - N - 2 - Mineshaft/ButtonAudioSourceOff". AudioMixerGroup "Sound/Sound Effects"
[Debug  :   REPOLib] Fixed AudioMixerGroup on GameObject "Module - Stronghold - N - 2 - Mineshaft/DoorAudioLeverClose". AudioMixerGroup "Sound/Sound Effects"
[Debug  :   REPOLib] Fixed AudioMixerGroup on GameObject "Module - Stronghold - N - 2 - Mineshaft/DoorAudioButtonOpen". AudioMixerGroup "Sound/Sound Effects"
[Debug  :   REPOLib] Fixed AudioMixerGroup on GameObject "Module - Stronghold - N - 2 - Mineshaft/DoorAudioButtonClose". AudioMixerGroup "Sound/Sound Effects"
[Debug  :   REPOLib] Fixed AudioMixerGroup on GameObject "Module - Stronghold - N - 2 - Mineshaft/Hinge Audio". AudioMixerGroup "Sound/Sound Effects"
[Debug  :   REPOLib] Fixed AudioMixerGroup on GameObject "Module - Stronghold - N - 2 - Mineshaft/Hinge Audio". AudioMixerGroup "Sound/Sound Effects"
[Debug  :   REPOLib] Fixed AudioMixerGroup on GameObject "Module - Stronghold - N - 2 - Mineshaft/Hinge Audio". AudioMixerGroup "Sound/Sound Effects"
[Debug  :   REPOLib] Fixed AudioMixerGroup on GameObject "Module - Stronghold - N - 2 - Trail Merge/DoorAudioButtonOpen". AudioMixerGroup "Sound/Sound Effects"
[Debug  :   REPOLib] Fixed AudioMixerGroup on GameObject "Module - Stronghold - N - 2 - Trail Merge/DoorAudioButtonOpen". AudioMixerGroup "Sound/Sound Effects"
[Debug  :   REPOLib] Fixed AudioMixerGroup on GameObject "Module - Stronghold - N - 2 - Trail Merge/DoorAudioButtonOpen". AudioMixerGroup "Sound/Sound Effects"
[Debug  :   REPOLib] Fixed AudioMixerGroup on GameObject "Module - Stronghold - N - 2 - Trail Merge/DoorAudioButtonOpen". AudioMixerGroup "Sound/Sound Effects"
[Debug  :   REPOLib] Fixed AudioMixerGroup on GameObject "Module - Stronghold - N - 2 - Trail Merge/Audio Loop Water". AudioMixerGroup "Sound/Sound Effects"
[Debug  :   REPOLib] Fixed AudioMixerGroup on GameObject "Module - Stronghold - N - 2 - Trail Merge/Hinge Audio". AudioMixerGroup "Sound/Sound Effects"
[Debug  :   REPOLib] Fixed AudioMixerGroup on GameObject "Module - Stronghold - N - 2 - Trail Merge/Hinge Audio". AudioMixerGroup "Sound/Sound Effects"
[Debug  :   REPOLib] Fixed AudioMixerGroup on GameObject "Module - Stronghold - N - 2 - Trail Merge/DoorAudioButtonOpen". AudioMixerGroup "Sound/Sound Effects"
[Debug  :   REPOLib] Fixed AudioMixerGroup on GameObject "Module - Stronghold - N - 2 - ZigZag/Hinge Audio". AudioMixerGroup "Sound/Sound Effects"
[Debug  :   REPOLib] Fixed AudioMixerGroup on GameObject "Module - Stronghold - N - 2 - ZigZag/Hinge Audio". AudioMixerGroup "Sound/Sound Effects"
[Debug  :   REPOLib] Fixed AudioMixerGroup on GameObject "Module - Stronghold - N - 2 - ZigZag/DoorAudioButtonOpen". AudioMixerGroup "Sound/Sound Effects"
[Debug  :   REPOLib] Fixed AudioMixerGroup on GameObject "Module - Stronghold - N - 2 - ZigZag/DoorAudioLeverOpen". AudioMixerGroup "Sound/Sound Effects"
[Debug  :   REPOLib] Fixed AudioMixerGroup on GameObject "Module - Stronghold - N - 2 - ZigZag/LeverAudioSource". AudioMixerGroup "Sound/Sound Effects"
[Debug  :   REPOLib] Fixed AudioMixerGroup on GameObject "Module - Stronghold - N - 2 - ZigZag/ButtonAudioSource". AudioMixerGroup "Sound/Sound Effects"
[Debug  :   REPOLib] Fixed AudioMixerGroup on GameObject "Module - Stronghold - N - 2 - ZigZag/ButtonAudioSourceOff". AudioMixerGroup "Sound/Sound Effects"
[Debug  :   REPOLib] Fixed AudioMixerGroup on GameObject "Module - Stronghold - N - 2 - ZigZag/DoorAudioLeverClose". AudioMixerGroup "Sound/Sound Effects"
[Debug  :   REPOLib] Fixed AudioMixerGroup on GameObject "Module - Stronghold - N - 2 - ZigZag/DoorAudioButtonOpen". AudioMixerGroup "Sound/Sound Effects"
[Debug  :   REPOLib] Fixed AudioMixerGroup on GameObject "Module - Stronghold - N - 2 - ZigZag/DoorAudioButtonClose". AudioMixerGroup "Sound/Sound Effects"
[Debug  :   REPOLib] Fixed AudioMixerGroup on GameObject "Module - Stronghold - N - 2 - ZigZag/DoorAudioLeverOpen". AudioMixerGroup "Sound/Sound Effects"
[Debug  :   REPOLib] Fixed AudioMixerGroup on GameObject "Module - Stronghold - N - 2 - ZigZag/LeverAudioSource". AudioMixerGroup "Sound/Sound Effects"
[Debug  :   REPOLib] Fixed AudioMixerGroup on GameObject "Module - Stronghold - N - 2 - ZigZag/ButtonAudioSource". AudioMixerGroup "Sound/Sound Effects"
[Debug  :   REPOLib] Fixed AudioMixerGroup on GameObject "Module - Stronghold - N - 2 - ZigZag/ButtonAudioSourceOff". AudioMixerGroup "Sound/Sound Effects"
[Debug  :   REPOLib] Fixed AudioMixerGroup on GameObject "Module - Stronghold - N - 2 - ZigZag/DoorAudioLeverClose". AudioMixerGroup "Sound/Sound Effects"
[Debug  :   REPOLib] Fixed AudioMixerGroup on GameObject "Module - Stronghold - N - 2 - ZigZag/DoorAudioButtonOpen". AudioMixerGroup "Sound/Sound Effects"
[Debug  :   REPOLib] Fixed AudioMixerGroup on GameObject "Module - Stronghold - N - 2 - ZigZag/DoorAudioButtonClose". AudioMixerGroup "Sound/Sound Effects"
[Debug  :   REPOLib] Fixed AudioMixerGroup on GameObject "Module - Stronghold - N - 2 - ZigZag/DoorAudioButtonOpen". AudioMixerGroup "Sound/Sound Effects"
[Debug  :   REPOLib] Fixed AudioMixerGroup on GameObject "Module - Stronghold - N - 2 - ZigZag/DoorAudioButtonOpen". AudioMixerGroup "Sound/Sound Effects"
[Debug  :   REPOLib] Fixed AudioMixerGroup on GameObject "Module - Stronghold - N - 2 - ZigZag/DoorAudioButtonOpen". AudioMixerGroup "Sound/Sound Effects"
[Debug  :   REPOLib] Fixed AudioMixerGroup on GameObject "Module - Stronghold - N - 2 - ZigZag/DoorAudioButtonOpen". AudioMixerGroup "Sound/Sound Effects"
[Debug  :   REPOLib] Fixed AudioMixerGroup on GameObject "Module - Stronghold - DE - 2 - Abandoned Office/DoorAudioButtonOpen". AudioMixerGroup "Sound/Sound Effects"
[Debug  :   REPOLib] Fixed AudioMixerGroup on GameObject "Module - Stronghold - DE - 2 - Abandoned Office/DoorAudioButtonOpen". AudioMixerGroup "Sound/Sound Effects"
[Debug  :   REPOLib] Fixed AudioMixerGroup on GameObject "Module - Stronghold - DE - 2 - Abandoned Office/LeverAudioSource". AudioMixerGroup "Sound/Sound Effects"
[Debug  :   REPOLib] Fixed AudioMixerGroup on GameObject "Module - Stronghold - DE - 2 - Abandoned Office/Music Audio Source". AudioMixerGroup "Sound/Sound Effects"
[Debug  :   REPOLib] Fixed AudioMixerGroup on GameObject "Module - Stronghold - DE - 2 - Encounter/LeverAudioSource". AudioMixerGroup "Sound/Sound Effects"
[Debug  :   REPOLib] Fixed AudioMixerGroup on GameObject "Module - Stronghold - DE - 2 - Encounter/Music Audio Source". AudioMixerGroup "Sound/Sound Effects"
[Debug  :   REPOLib] Fixed AudioMixerGroup on GameObject "Module - Stronghold - DE - 2 - Encounter/Audio". AudioMixerGroup "Sound/Sound Effects"
[Debug  :   REPOLib] Fixed AudioMixerGroup on GameObject "Module - Stronghold - DE - 2 - Library/Hinge Audio". AudioMixerGroup "Sound/Sound Effects"
[Debug  :   REPOLib] Fixed AudioMixerGroup on GameObject "Module - Stronghold - DE - 2 - Library/Hinge Audio". AudioMixerGroup "Sound/Sound Effects"
[Debug  :   REPOLib] Fixed AudioMixerGroup on GameObject "Module - Stronghold - DE - 2 - Tarnished Temple/Audio Loop Rain (1)". AudioMixerGroup "Sound/Sound Effects"
[Debug  :   REPOLib] Fixed AudioMixerGroup on GameObject "Module - Stronghold - DE - 2 - Tarnished Temple/Audio Loop Rain (2)". AudioMixerGroup "Sound/Sound Effects"
[Debug  :   REPOLib] Fixed AudioMixerGroup on GameObject "Module - Stronghold - DE - 2 - Tarnished Temple/Audio Loop Rain (3)". AudioMixerGroup "Sound/Sound Effects"
[Debug  :   REPOLib] Fixed AudioMixerGroup on GameObject "Module - Stronghold - DE - 2 - Tarnished Temple/Audio Loop Rain (4)". AudioMixerGroup "Sound/Sound Effects"
[Debug  :   REPOLib] Fixed AudioMixerGroup on GameObject "Module - Stronghold - DE - 2 - Tarnished Temple/Audio Loop Water". AudioMixerGroup "Sound/Sound Effects"
[Debug  :   REPOLib] Fixed AudioMixerGroup on GameObject "Module - Stronghold - DE - 2 - Tarnished Temple/ButtonAudioSource". AudioMixerGroup "Sound/Sound Effects"
[Debug  :   REPOLib] Fixed AudioMixerGroup on GameObject "Module - Stronghold - DE - 2 - Tarnished Temple/DoorOpenAudio". AudioMixerGroup "Sound/Sound Effects"
[Debug  :   REPOLib] Fixed AudioMixerGroup on GameObject "Module - Stronghold - DE - 2 - Tarnished Temple/DoorCloseAudio". AudioMixerGroup "Sound/Sound Effects"
[Debug  :   REPOLib] Fixed AudioMixerGroup on GameObject "Module - Stronghold - DE - 2 - Tarnished Temple/DoorOpenAudio". AudioMixerGroup "Sound/Sound Effects"
[Debug  :   REPOLib] Fixed AudioMixerGroup on GameObject "Module - Stronghold - DE - 2 - Tarnished Temple/DoorCloseAudio". AudioMixerGroup "Sound/Sound Effects"
[Debug  :   REPOLib] Fixed AudioMixerGroup on GameObject "Module - Stronghold - DE - 3 - Nether Room/Audio Loop Distance". AudioMixerGroup "Sound/Sound Effects"
[Debug  :   REPOLib] Fixed AudioMixerGroup on GameObject "Module - Stronghold - DE - 3 - Nether Room/Audio Loop Distance". AudioMixerGroup "Sound/Sound Effects"
[Debug  :   REPOLib] Fixed AudioMixerGroup on GameObject "Module - Stronghold - DE - 3 - Nether Room/Audio Loop Distance". AudioMixerGroup "Sound/Sound Effects"
[Debug  :   REPOLib] Fixed AudioMixerGroup on GameObject "Module - Stronghold - DE - 3 - Nether Room/Hinge Audio". AudioMixerGroup "Sound/Sound Effects"
[Debug  :   REPOLib] Fixed AudioMixerGroup on GameObject "Module - Stronghold - DE - 3 - Nether Room/Audio Loop Lava (2)". AudioMixerGroup "Sound/Sound Effects"
[Debug  :   REPOLib] Fixed AudioMixerGroup on GameObject "Module - Stronghold - DE - 3 - Nether Room/Audio Loop Distance". AudioMixerGroup "Sound/Sound Effects"
[Debug  :   REPOLib] Fixed AudioMixerGroup on GameObject "Module - Stronghold - DE - 3 - Nether Room/DoorAudioLeverOpen". AudioMixerGroup "Sound/Sound Effects"
[Debug  :   REPOLib] Fixed AudioMixerGroup on GameObject "Module - Stronghold - DE - 3 - Nether Room/LeverAudioSource". AudioMixerGroup "Sound/Sound Effects"
[Debug  :   REPOLib] Fixed AudioMixerGroup on GameObject "Module - Stronghold - DE - 3 - Nether Room/ButtonAudioSource". AudioMixerGroup "Sound/Sound Effects"
[Debug  :   REPOLib] Fixed AudioMixerGroup on GameObject "Module - Stronghold - DE - 3 - Nether Room/ButtonAudioSourceOff". AudioMixerGroup "Sound/Sound Effects"
[Debug  :   REPOLib] Fixed AudioMixerGroup on GameObject "Module - Stronghold - DE - 3 - Nether Room/DoorAudioLeverClose". AudioMixerGroup "Sound/Sound Effects"
[Debug  :   REPOLib] Fixed AudioMixerGroup on GameObject "Module - Stronghold - DE - 3 - Nether Room/DoorAudioButtonOpen". AudioMixerGroup "Sound/Sound Effects"
[Debug  :   REPOLib] Fixed AudioMixerGroup on GameObject "Module - Stronghold - DE - 3 - Nether Room/DoorAudioButtonClose". AudioMixerGroup "Sound/Sound Effects"
[Debug  :   REPOLib] Fixed AudioMixerGroup on GameObject "Module - Stronghold - DE - 3 - Nether Room/DoorAudioButtonOpen". AudioMixerGroup "Sound/Sound Effects"
[Debug  :   REPOLib] Fixed AudioMixerGroup on GameObject "Module - Stronghold - E - 3 - Aether Room/Audio Source Lights". AudioMixerGroup "Sound/Sound Effects"
[Debug  :   REPOLib] Fixed AudioMixerGroup on GameObject "Module - Stronghold - E - 3 - Aether Room/Audio Source Surplus". AudioMixerGroup "Sound/Sound Effects"
[Debug  :   REPOLib] Fixed AudioMixerGroup on GameObject "Module - Stronghold - E - 3 - Aether Room/Audio Source Surplus Deduction". AudioMixerGroup "Sound/Sound Effects"
[Debug  :   REPOLib] Fixed AudioMixerGroup on GameObject "Module - Stronghold - E - 3 - Aether Room/Audio Source Suck". AudioMixerGroup "Sound/Sound Effects"
[Debug  :   REPOLib] Fixed AudioMixerGroup on GameObject "Module - Stronghold - E - 3 - Aether Room/Audio Loop Water". AudioMixerGroup "Sound/Sound Effects"
[Debug  :   REPOLib] Fixed AudioMixerGroup on GameObject "Module - Stronghold - E - 3 - Aether Room/Audio Loop Water". AudioMixerGroup "Sound/Sound Effects"
[Debug  :   REPOLib] Fixed AudioMixerGroup on GameObject "Module - Stronghold - E - 3 - Aether Room/DoorAudioButtonOpen". AudioMixerGroup "Sound/Sound Effects"
[Debug  :   REPOLib] Fixed AudioMixerGroup on GameObject "Module - Stronghold - E - 3 - Aether Room/DoorAudioButtonOpen". AudioMixerGroup "Sound/Sound Effects"
[Debug  :   REPOLib] Added valuable "MC Item Apple" to valuable preset "Valuables - Stronghold"
[Debug  :   REPOLib] Added valuable "MC Item Bread" to valuable preset "Valuables - Stronghold"
[Debug  :   REPOLib] Added valuable "MC Item Cooked Beef" to valuable preset "Valuables - Stronghold"
[Debug  :   REPOLib] Fixed AudioMixerGroup on GameObject "MC Item Firework/Audio Source". AudioMixerGroup "Sound/Sound Effects"
[Debug  :   REPOLib] Added valuable "MC Item Firework" to valuable preset "Valuables - Stronghold"
[Debug  :   REPOLib] Added valuable "MC Item Golden Apple" to valuable preset "Valuables - Stronghold"
[Debug  :   REPOLib] Fixed AudioMixerGroup on GameObject "MC Item Iron Pickaxe/AudioSource". AudioMixerGroup "Sound/Sound Effects"
[Debug  :   REPOLib] Added valuable "MC Item Iron Pickaxe" to valuable preset "Valuables - Stronghold"
[Debug  :   REPOLib] Fixed AudioMixerGroup on GameObject "MC Item Iron Sword/AudioSource". AudioMixerGroup "Sound/Sound Effects"
[Debug  :   REPOLib] Added valuable "MC Item Iron Sword" to valuable preset "Valuables - Stronghold"
[Debug  :   REPOLib] Added valuable "Valuable Iron Chestplate" to valuable preset "Valuables - Stronghold"
[Debug  :   REPOLib] Fixed AudioMixerGroup on GameObject "Valuable Mega Potion/Audio". AudioMixerGroup "Sound/Sound Effects"
[Debug  :   REPOLib] Added valuable "Valuable Mega Potion" to valuable preset "Valuables - Stronghold"
[Debug  :   REPOLib] Added valuable "Valuable Iron Boots" to valuable preset "Valuables - Stronghold"
[Debug  :   REPOLib] Added valuable "Valuable Iron Helmet" to valuable preset "Valuables - Stronghold"
[Debug  :   REPOLib] Added valuable "Valuable Iron Leggings" to valuable preset "Valuables - Stronghold"
[Warning:   REPOLib] Failed to fix AudioMixerGroup on GameObject "Valuable Jukebox 13/Audio". No AudioMixerGroup is assigned.
[Debug  :   REPOLib] Added valuable "Valuable Jukebox 13" to valuable preset "Valuables - Stronghold"
[Warning:   REPOLib] Failed to fix AudioMixerGroup on GameObject "Valuable Jukebox Cat/Audio". No AudioMixerGroup is assigned.
[Debug  :   REPOLib] Added valuable "Valuable Jukebox Cat" to valuable preset "Valuables - Stronghold"
[Warning:   REPOLib] Failed to fix AudioMixerGroup on GameObject "Valuable Jukebox OS/Audio". No AudioMixerGroup is assigned.
[Debug  :   REPOLib] Added valuable "Valuable Jukebox OS" to valuable preset "Valuables - Stronghold"
[Debug  :   REPOLib] Added valuable "Valuable Enchanted Book" to valuable preset "Valuables - Stronghold"
[Debug  :   REPOLib] Added valuable "Valuable Armorstand Tall" to valuable preset "Valuables - Stronghold"
[Debug  :   REPOLib] Added valuable "Valuable MC Diamond" to valuable preset "Valuables - Stronghold"
[Debug  :   REPOLib] Added valuable "Valuable Ender Pearl" to valuable preset "Valuables - Stronghold"
[Debug  :   REPOLib] Added valuable "Valuable Gold Ingot" to valuable preset "Valuables - Stronghold"
[Debug  :   REPOLib] Added valuable "Valuable Iron Ingot" to valuable preset "Valuables - Stronghold"
[Debug  :   REPOLib] Added valuable "Valuable Redstone Dust" to valuable preset "Valuables - Stronghold"
[Debug  :   REPOLib] Added valuable "Valuable Armorstand Very Tall" to valuable preset "Valuables - Stronghold"
[Debug  :   REPOLib] Added valuable "Valuable Diamond Horse Armorstand Wide" to valuable preset "Valuables - Stronghold"
[Debug  :   REPOLib] Added valuable "Valuable Gold Horse Armorstand Wide" to valuable preset "Valuables - Stronghold"
[Debug  :   REPOLib] Added valuable "Valuable Irom Horse Armorstand Wide" to valuable preset "Valuables - Stronghold"
[Info   :   REPOLib] Finished loading bundles.
[Info   :   REPOLib] Adding cosmetics.
[Info   :   REPOLib] [MetaSaveModded] MetaSaveModded.es3 found
[Info   :NoItemSpawnLimit] RemoveSpawnLimit is enabled. Applying predefined config of 10000 to all items...
[Info   :NoItemSpawnLimit] RemoveSpawnLimit is enabled. Applying predefined config of 10000 to all items...
[Debug  :   REPOLib] Upgrades: Invoked start action for upgrade "Sprint Usage" on player "Dronik" at level 0
[Debug  :   REPOLib] Upgrades: Invoked start action for upgrade "Map Zoom" on player "Dronik" at level 0
[Info   :   REPOLib] Adding enemies.
[Info   :Shop Items spawn in Level] Initializing disallowed items list
[Debug  :soundedsquash.spawnmanager] Removing items.
[Info   :NoItemSpawnLimit] RemoveSpawnLimit is enabled. Applying predefined config of 10000 to all items...
[Info   :NoItemSpawnLimit] RemoveSpawnLimit is enabled. Applying predefined config of 10000 to all items...
[Debug  :   REPOLib] Upgrades: Invoked start action for upgrade "Sprint Usage" on player "Dronik" at level 0
[Debug  :   REPOLib] Upgrades: Invoked start action for upgrade "Map Zoom" on player "Dronik" at level 0
[Debug  :soundedsquash.spawnmanager] All items [0]
[Debug  :soundedsquash.spawnmanager] All items [0]
[Debug  :soundedsquash.spawnmanager] All items [0]
[Debug  :soundedsquash.spawnmanager] Refreshed 192 valuable names for menu.
[Debug  :soundedsquash.spawnmanager] All items [192]
[Debug  :soundedsquash.spawnmanager] Run manager levels [6]
